2023-12-22T19:52:02.361Z [Modules] Modules initializing
2023-12-22T19:52:02.361Z [Modules] Distribution: remote
2023-12-22T19:52:02.361Z [Modules] Host updates: disabled
2023-12-22T19:52:02.361Z [Modules] Module updates: enabled
2023-12-22T19:52:02.362Z [Modules] Module install path: /home/jojito/.config/discord/0.0.39/modules
2023-12-22T19:52:02.362Z [Modules] Module installed file path: /home/jojito/.config/discord/0.0.39/modules/installed.json
2023-12-22T19:52:02.362Z [Modules] Module download path: /home/jojito/.config/discord/0.0.39/modules/pending
2023-12-22T19:52:04.647Z [Modules] Bootstrapping...
2023-12-22T19:52:04.647Z [Modules] Installing discord_desktop_core@0 from /home/jojito/Downloads/Discord/resources/bootstrap/discord_desktop_core.zip
2023-12-22T19:52:04.648Z [Modules] Failed installing discord_desktop_core@0: Error: ENOENT: no such file or directory, open '/home/jojito/Downloads/Discord/resources/bootstrap/discord_desktop_core.zip'
2023-12-22T19:52:04.649Z [Modules] Installing discord_erlpack@0 from /home/jojito/Downloads/Discord/resources/bootstrap/discord_erlpack.zip
2023-12-22T19:52:04.649Z [Modules] Failed installing discord_erlpack@0: Error: ENOENT: no such file or directory, open '/home/jojito/Downloads/Discord/resources/bootstrap/discord_erlpack.zip'
2023-12-22T19:52:04.649Z [Modules] Installing discord_spellcheck@0 from /home/jojito/Downloads/Discord/resources/bootstrap/discord_spellcheck.zip
2023-12-22T19:52:04.650Z [Modules] Failed installing discord_spellcheck@0: Error: ENOENT: no such file or directory, open '/home/jojito/Downloads/Discord/resources/bootstrap/discord_spellcheck.zip'
2023-12-22T19:52:04.651Z [Modules] Installing discord_utils@0 from /home/jojito/Downloads/Discord/resources/bootstrap/discord_utils.zip
2023-12-22T19:52:04.651Z [Modules] Failed installing discord_utils@0: Error: ENOENT: no such file or directory, open '/home/jojito/Downloads/Discord/resources/bootstrap/discord_utils.zip'
2023-12-22T19:52:04.651Z [Modules] Installing discord_voice@0 from /home/jojito/Downloads/Discord/resources/bootstrap/discord_voice.zip
2023-12-22T19:52:04.652Z [Modules] Failed installing discord_voice@0: Error: ENOENT: no such file or directory, open '/home/jojito/Downloads/Discord/resources/bootstrap/discord_voice.zip'
2023-12-22T19:52:04.652Z [Modules] Finished module installations. [success: 0] [failure: 5]
2023-12-22T19:52:04.652Z [Modules] Host is up to date.
2023-12-22T19:52:04.653Z [Modules] Checking for module updates at https://discord.com/api/modules/stable/versions.json
2023-12-22T19:52:04.732Z [Modules] Module update available: discord_desktop_core@1 [installed: 0]
2023-12-22T19:52:04.732Z [Modules] Module update available: discord_erlpack@1 [installed: 0]
2023-12-22T19:52:04.732Z [Modules] Module update available: discord_spellcheck@1 [installed: 0]
2023-12-22T19:52:04.732Z [Modules] Module update available: discord_utils@1 [installed: 0]
2023-12-22T19:52:04.732Z [Modules] Module update available: discord_voice@1 [installed: 0]
2023-12-22T19:52:04.733Z [Modules] Fetching discord_desktop_core@1 from https://discord.com/api/modules/stable/discord_desktop_core/1
2023-12-22T19:52:04.733Z [Modules] Streaming discord_desktop_core@1 to /home/jojito/.config/discord/0.0.39/modules/pending/discord_desktop_core-1.zip
2023-12-22T19:52:05.148Z [Modules] Streaming discord_desktop_core@1 to /home/jojito/.config/discord/0.0.39/modules/pending/discord_desktop_core-1.zip: 1%
2023-12-22T19:52:05.169Z [Modules] Streaming discord_desktop_core@1 to /home/jojito/.config/discord/0.0.39/modules/pending/discord_desktop_core-1.zip: 2%
2023-12-22T19:52:05.181Z [Modules] Streaming discord_desktop_core@1 to /home/jojito/.config/discord/0.0.39/modules/pending/discord_desktop_core-1.zip: 3%
2023-12-22T19:52:05.193Z [Modules] Streaming discord_desktop_core@1 to /home/jojito/.config/discord/0.0.39/modules/pending/discord_desktop_core-1.zip: 4%
2023-12-22T19:52:05.203Z [Modules] Streaming discord_desktop_core@1 to /home/jojito/.config/discord/0.0.39/modules/pending/discord_desktop_core-1.zip: 5%
2023-12-22T19:52:05.222Z [Modules] Streaming discord_desktop_core@1 to /home/jojito/.config/discord/0.0.39/modules/pending/discord_desktop_core-1.zip: 8%
2023-12-22T19:52:05.226Z [Modules] Streaming discord_desktop_core@1 to /home/jojito/.config/discord/0.0.39/modules/pending/discord_desktop_core-1.zip: 9%
2023-12-22T19:52:05.231Z [Modules] Streaming discord_desktop_core@1 to /home/jojito/.config/discord/0.0.39/modules/pending/discord_desktop_core-1.zip: 10%
2023-12-22T19:52:05.238Z [Modules] Streaming discord_desktop_core@1 to /home/jojito/.config/discord/0.0.39/modules/pending/discord_desktop_core-1.zip: 11%
2023-12-22T19:52:05.243Z [Modules] Streaming discord_desktop_core@1 to /home/jojito/.config/discord/0.0.39/modules/pending/discord_desktop_core-1.zip: 12%
2023-12-22T19:52:05.247Z [Modules] Streaming discord_desktop_core@1 to /home/jojito/.config/discord/0.0.39/modules/pending/discord_desktop_core-1.zip: 14%
2023-12-22T19:52:05.252Z [Modules] Streaming discord_desktop_core@1 to /home/jojito/.config/discord/0.0.39/modules/pending/discord_desktop_core-1.zip: 15%
2023-12-22T19:52:05.257Z [Modules] Streaming discord_desktop_core@1 to /home/jojito/.config/discord/0.0.39/modules/pending/discord_desktop_core-1.zip: 17%
2023-12-22T19:52:05.261Z [Modules] Streaming discord_desktop_core@1 to /home/jojito/.config/discord/0.0.39/modules/pending/discord_desktop_core-1.zip: 18%
2023-12-22T19:52:05.263Z [Modules] Streaming discord_desktop_core@1 to /home/jojito/.config/discord/0.0.39/modules/pending/discord_desktop_core-1.zip: 19%
2023-12-22T19:52:05.267Z [Modules] Streaming discord_desktop_core@1 to /home/jojito/.config/discord/0.0.39/modules/pending/discord_desktop_core-1.zip: 20%
2023-12-22T19:52:05.271Z [Modules] Streaming discord_desktop_core@1 to /home/jojito/.config/discord/0.0.39/modules/pending/discord_desktop_core-1.zip: 22%
2023-12-22T19:52:05.273Z [Modules] Streaming discord_desktop_core@1 to /home/jojito/.config/discord/0.0.39/modules/pending/discord_desktop_core-1.zip: 23%
2023-12-22T19:52:05.277Z [Modules] Streaming discord_desktop_core@1 to /home/jojito/.config/discord/0.0.39/modules/pending/discord_desktop_core-1.zip: 25%
2023-12-22T19:52:05.279Z [Modules] Streaming discord_desktop_core@1 to /home/jojito/.config/discord/0.0.39/modules/pending/discord_desktop_core-1.zip: 26%
2023-12-22T19:52:05.281Z [Modules] Streaming discord_desktop_core@1 to /home/jojito/.config/discord/0.0.39/modules/pending/discord_desktop_core-1.zip: 27%
2023-12-22T19:52:05.283Z [Modules] Streaming discord_desktop_core@1 to /home/jojito/.config/discord/0.0.39/modules/pending/discord_desktop_core-1.zip: 28%
2023-12-22T19:52:05.286Z [Modules] Streaming discord_desktop_core@1 to /home/jojito/.config/discord/0.0.39/modules/pending/discord_desktop_core-1.zip: 29%
2023-12-22T19:52:05.288Z [Modules] Streaming discord_desktop_core@1 to /home/jojito/.config/discord/0.0.39/modules/pending/discord_desktop_core-1.zip: 30%
2023-12-22T19:52:05.293Z [Modules] Streaming discord_desktop_core@1 to /home/jojito/.config/discord/0.0.39/modules/pending/discord_desktop_core-1.zip: 31%
2023-12-22T19:52:05.297Z [Modules] Streaming discord_desktop_core@1 to /home/jojito/.config/discord/0.0.39/modules/pending/discord_desktop_core-1.zip: 34%
2023-12-22T19:52:05.300Z [Modules] Streaming discord_desktop_core@1 to /home/jojito/.config/discord/0.0.39/modules/pending/discord_desktop_core-1.zip: 35%
2023-12-22T19:52:05.303Z [Modules] Streaming discord_desktop_core@1 to /home/jojito/.config/discord/0.0.39/modules/pending/discord_desktop_core-1.zip: 37%
2023-12-22T19:52:05.305Z [Modules] Streaming discord_desktop_core@1 to /home/jojito/.config/discord/0.0.39/modules/pending/discord_desktop_core-1.zip: 38%
2023-12-22T19:52:05.308Z [Modules] Streaming discord_desktop_core@1 to /home/jojito/.config/discord/0.0.39/modules/pending/discord_desktop_core-1.zip: 40%
2023-12-22T19:52:05.314Z [Modules] Streaming discord_desktop_core@1 to /home/jojito/.config/discord/0.0.39/modules/pending/discord_desktop_core-1.zip: 42%
2023-12-22T19:52:05.316Z [Modules] Streaming discord_desktop_core@1 to /home/jojito/.config/discord/0.0.39/modules/pending/discord_desktop_core-1.zip: 43%
2023-12-22T19:52:05.318Z [Modules] Streaming discord_desktop_core@1 to /home/jojito/.config/discord/0.0.39/modules/pending/discord_desktop_core-1.zip: 45%
2023-12-22T19:52:05.325Z [Modules] Streaming discord_desktop_core@1 to /home/jojito/.config/discord/0.0.39/modules/pending/discord_desktop_core-1.zip: 47%
2023-12-22T19:52:05.327Z [Modules] Streaming discord_desktop_core@1 to /home/jojito/.config/discord/0.0.39/modules/pending/discord_desktop_core-1.zip: 48%
2023-12-22T19:52:05.330Z [Modules] Streaming discord_desktop_core@1 to /home/jojito/.config/discord/0.0.39/modules/pending/discord_desktop_core-1.zip: 49%
2023-12-22T19:52:05.332Z [Modules] Streaming discord_desktop_core@1 to /home/jojito/.config/discord/0.0.39/modules/pending/discord_desktop_core-1.zip: 51%
2023-12-22T19:52:05.333Z [Modules] Streaming discord_desktop_core@1 to /home/jojito/.config/discord/0.0.39/modules/pending/discord_desktop_core-1.zip: 52%
2023-12-22T19:52:05.335Z [Modules] Streaming discord_desktop_core@1 to /home/jojito/.config/discord/0.0.39/modules/pending/discord_desktop_core-1.zip: 54%
2023-12-22T19:52:05.338Z [Modules] Streaming discord_desktop_core@1 to /home/jojito/.config/discord/0.0.39/modules/pending/discord_desktop_core-1.zip: 55%
2023-12-22T19:52:05.340Z [Modules] Streaming discord_desktop_core@1 to /home/jojito/.config/discord/0.0.39/modules/pending/discord_desktop_core-1.zip: 57%
2023-12-22T19:52:05.347Z [Modules] Streaming discord_desktop_core@1 to /home/jojito/.config/discord/0.0.39/modules/pending/discord_desktop_core-1.zip: 60%
2023-12-22T19:52:05.350Z [Modules] Streaming discord_desktop_core@1 to /home/jojito/.config/discord/0.0.39/modules/pending/discord_desktop_core-1.zip: 61%
2023-12-22T19:52:05.351Z [Modules] Streaming discord_desktop_core@1 to /home/jojito/.config/discord/0.0.39/modules/pending/discord_desktop_core-1.zip: 62%
2023-12-22T19:52:05.353Z [Modules] Streaming discord_desktop_core@1 to /home/jojito/.config/discord/0.0.39/modules/pending/discord_desktop_core-1.zip: 63%
2023-12-22T19:52:05.354Z [Modules] Streaming discord_desktop_core@1 to /home/jojito/.config/discord/0.0.39/modules/pending/discord_desktop_core-1.zip: 64%
2023-12-22T19:52:05.357Z [Modules] Streaming discord_desktop_core@1 to /home/jojito/.config/discord/0.0.39/modules/pending/discord_desktop_core-1.zip: 65%
2023-12-22T19:52:05.359Z [Modules] Streaming discord_desktop_core@1 to /home/jojito/.config/discord/0.0.39/modules/pending/discord_desktop_core-1.zip: 66%
2023-12-22T19:52:05.361Z [Modules] Streaming discord_desktop_core@1 to /home/jojito/.config/discord/0.0.39/modules/pending/discord_desktop_core-1.zip: 67%
2023-12-22T19:52:05.363Z [Modules] Streaming discord_desktop_core@1 to /home/jojito/.config/discord/0.0.39/modules/pending/discord_desktop_core-1.zip: 68%
2023-12-22T19:52:05.365Z [Modules] Streaming discord_desktop_core@1 to /home/jojito/.config/discord/0.0.39/modules/pending/discord_desktop_core-1.zip: 69%
2023-12-22T19:52:05.367Z [Modules] Streaming discord_desktop_core@1 to /home/jojito/.config/discord/0.0.39/modules/pending/discord_desktop_core-1.zip: 71%
2023-12-22T19:52:05.372Z [Modules] Streaming discord_desktop_core@1 to /home/jojito/.config/discord/0.0.39/modules/pending/discord_desktop_core-1.zip: 72%
2023-12-22T19:52:05.377Z [Modules] Streaming discord_desktop_core@1 to /home/jojito/.config/discord/0.0.39/modules/pending/discord_desktop_core-1.zip: 74%
2023-12-22T19:52:05.380Z [Modules] Streaming discord_desktop_core@1 to /home/jojito/.config/discord/0.0.39/modules/pending/discord_desktop_core-1.zip: 75%
2023-12-22T19:52:05.383Z [Modules] Streaming discord_desktop_core@1 to /home/jojito/.config/discord/0.0.39/modules/pending/discord_desktop_core-1.zip: 77%
2023-12-22T19:52:05.385Z [Modules] Streaming discord_desktop_core@1 to /home/jojito/.config/discord/0.0.39/modules/pending/discord_desktop_core-1.zip: 78%
2023-12-22T19:52:05.388Z [Modules] Streaming discord_desktop_core@1 to /home/jojito/.config/discord/0.0.39/modules/pending/discord_desktop_core-1.zip: 80%
2023-12-22T19:52:05.390Z [Modules] Streaming discord_desktop_core@1 to /home/jojito/.config/discord/0.0.39/modules/pending/discord_desktop_core-1.zip: 81%
2023-12-22T19:52:05.393Z [Modules] Streaming discord_desktop_core@1 to /home/jojito/.config/discord/0.0.39/modules/pending/discord_desktop_core-1.zip: 83%
2023-12-22T19:52:05.395Z [Modules] Streaming discord_desktop_core@1 to /home/jojito/.config/discord/0.0.39/modules/pending/discord_desktop_core-1.zip: 84%
2023-12-22T19:52:05.398Z [Modules] Streaming discord_desktop_core@1 to /home/jojito/.config/discord/0.0.39/modules/pending/discord_desktop_core-1.zip: 85%
2023-12-22T19:52:05.400Z [Modules] Streaming discord_desktop_core@1 to /home/jojito/.config/discord/0.0.39/modules/pending/discord_desktop_core-1.zip: 86%
2023-12-22T19:52:05.402Z [Modules] Streaming discord_desktop_core@1 to /home/jojito/.config/discord/0.0.39/modules/pending/discord_desktop_core-1.zip: 87%
2023-12-22T19:52:05.405Z [Modules] Streaming discord_desktop_core@1 to /home/jojito/.config/discord/0.0.39/modules/pending/discord_desktop_core-1.zip: 89%
2023-12-22T19:52:05.407Z [Modules] Streaming discord_desktop_core@1 to /home/jojito/.config/discord/0.0.39/modules/pending/discord_desktop_core-1.zip: 90%
2023-12-22T19:52:05.409Z [Modules] Streaming discord_desktop_core@1 to /home/jojito/.config/discord/0.0.39/modules/pending/discord_desktop_core-1.zip: 91%
2023-12-22T19:52:05.411Z [Modules] Streaming discord_desktop_core@1 to /home/jojito/.config/discord/0.0.39/modules/pending/discord_desktop_core-1.zip: 92%
2023-12-22T19:52:05.413Z [Modules] Streaming discord_desktop_core@1 to /home/jojito/.config/discord/0.0.39/modules/pending/discord_desktop_core-1.zip: 94%
2023-12-22T19:52:05.417Z [Modules] Streaming discord_desktop_core@1 to /home/jojito/.config/discord/0.0.39/modules/pending/discord_desktop_core-1.zip: 95%
2023-12-22T19:52:05.417Z [Modules] Streaming discord_desktop_core@1 to /home/jojito/.config/discord/0.0.39/modules/pending/discord_desktop_core-1.zip: 96%
2023-12-22T19:52:05.422Z [Modules] Streaming discord_desktop_core@1 to /home/jojito/.config/discord/0.0.39/modules/pending/discord_desktop_core-1.zip: 97%
2023-12-22T19:52:05.425Z [Modules] Streaming discord_desktop_core@1 to /home/jojito/.config/discord/0.0.39/modules/pending/discord_desktop_core-1.zip: 100%
2023-12-22T19:52:05.426Z [Modules] Fetching discord_erlpack@1 from https://discord.com/api/modules/stable/discord_erlpack/1
2023-12-22T19:52:05.426Z [Modules] Streaming discord_erlpack@1 to /home/jojito/.config/discord/0.0.39/modules/pending/discord_erlpack-1.zip
2023-12-22T19:52:05.641Z [Modules] Streaming discord_erlpack@1 to /home/jojito/.config/discord/0.0.39/modules/pending/discord_erlpack-1.zip: 2%
2023-12-22T19:52:05.645Z [Modules] Streaming discord_erlpack@1 to /home/jojito/.config/discord/0.0.39/modules/pending/discord_erlpack-1.zip: 5%
2023-12-22T19:52:05.654Z [Modules] Streaming discord_erlpack@1 to /home/jojito/.config/discord/0.0.39/modules/pending/discord_erlpack-1.zip: 6%
2023-12-22T19:52:05.659Z [Modules] Streaming discord_erlpack@1 to /home/jojito/.config/discord/0.0.39/modules/pending/discord_erlpack-1.zip: 8%
2023-12-22T19:52:05.669Z [Modules] Streaming discord_erlpack@1 to /home/jojito/.config/discord/0.0.39/modules/pending/discord_erlpack-1.zip: 9%
2023-12-22T19:52:05.673Z [Modules] Streaming discord_erlpack@1 to /home/jojito/.config/discord/0.0.39/modules/pending/discord_erlpack-1.zip: 11%
2023-12-22T19:52:05.681Z [Modules] Streaming discord_erlpack@1 to /home/jojito/.config/discord/0.0.39/modules/pending/discord_erlpack-1.zip: 14%
2023-12-22T19:52:05.692Z [Modules] Streaming discord_erlpack@1 to /home/jojito/.config/discord/0.0.39/modules/pending/discord_erlpack-1.zip: 17%
2023-12-22T19:52:05.699Z [Modules] Streaming discord_erlpack@1 to /home/jojito/.config/discord/0.0.39/modules/pending/discord_erlpack-1.zip: 18%
2023-12-22T19:52:05.712Z [Modules] Streaming discord_erlpack@1 to /home/jojito/.config/discord/0.0.39/modules/pending/discord_erlpack-1.zip: 21%
2023-12-22T19:52:05.720Z [Modules] Streaming discord_erlpack@1 to /home/jojito/.config/discord/0.0.39/modules/pending/discord_erlpack-1.zip: 23%
2023-12-22T19:52:05.724Z [Modules] Streaming discord_erlpack@1 to /home/jojito/.config/discord/0.0.39/modules/pending/discord_erlpack-1.zip: 25%
2023-12-22T19:52:05.731Z [Modules] Streaming discord_erlpack@1 to /home/jojito/.config/discord/0.0.39/modules/pending/discord_erlpack-1.zip: 28%
2023-12-22T19:52:05.740Z [Modules] Streaming discord_erlpack@1 to /home/jojito/.config/discord/0.0.39/modules/pending/discord_erlpack-1.zip: 30%
2023-12-22T19:52:05.748Z [Modules] Streaming discord_erlpack@1 to /home/jojito/.config/discord/0.0.39/modules/pending/discord_erlpack-1.zip: 33%
2023-12-22T19:52:05.761Z [Modules] Streaming discord_erlpack@1 to /home/jojito/.config/discord/0.0.39/modules/pending/discord_erlpack-1.zip: 35%
2023-12-22T19:52:05.766Z [Modules] Streaming discord_erlpack@1 to /home/jojito/.config/discord/0.0.39/modules/pending/discord_erlpack-1.zip: 37%
2023-12-22T19:52:05.772Z [Modules] Streaming discord_erlpack@1 to /home/jojito/.config/discord/0.0.39/modules/pending/discord_erlpack-1.zip: 40%
2023-12-22T19:52:05.786Z [Modules] Streaming discord_erlpack@1 to /home/jojito/.config/discord/0.0.39/modules/pending/discord_erlpack-1.zip: 41%
2023-12-22T19:52:05.791Z [Modules] Streaming discord_erlpack@1 to /home/jojito/.config/discord/0.0.39/modules/pending/discord_erlpack-1.zip: 43%
2023-12-22T19:52:05.798Z [Modules] Streaming discord_erlpack@1 to /home/jojito/.config/discord/0.0.39/modules/pending/discord_erlpack-1.zip: 46%
2023-12-22T19:52:05.810Z [Modules] Streaming discord_erlpack@1 to /home/jojito/.config/discord/0.0.39/modules/pending/discord_erlpack-1.zip: 48%
2023-12-22T19:52:05.815Z [Modules] Streaming discord_erlpack@1 to /home/jojito/.config/discord/0.0.39/modules/pending/discord_erlpack-1.zip: 50%
2023-12-22T19:52:05.823Z [Modules] Streaming discord_erlpack@1 to /home/jojito/.config/discord/0.0.39/modules/pending/discord_erlpack-1.zip: 52%
2023-12-22T19:52:05.966Z [Modules] Streaming discord_erlpack@1 to /home/jojito/.config/discord/0.0.39/modules/pending/discord_erlpack-1.zip: 56%
2023-12-22T19:52:05.976Z [Modules] Streaming discord_erlpack@1 to /home/jojito/.config/discord/0.0.39/modules/pending/discord_erlpack-1.zip: 59%
2023-12-22T19:52:05.980Z [Modules] Streaming discord_erlpack@1 to /home/jojito/.config/discord/0.0.39/modules/pending/discord_erlpack-1.zip: 63%
2023-12-22T19:52:05.989Z [Modules] Streaming discord_erlpack@1 to /home/jojito/.config/discord/0.0.39/modules/pending/discord_erlpack-1.zip: 65%
2023-12-22T19:52:05.994Z [Modules] Streaming discord_erlpack@1 to /home/jojito/.config/discord/0.0.39/modules/pending/discord_erlpack-1.zip: 68%
2023-12-22T19:52:05.998Z [Modules] Streaming discord_erlpack@1 to /home/jojito/.config/discord/0.0.39/modules/pending/discord_erlpack-1.zip: 70%
2023-12-22T19:52:06.002Z [Modules] Streaming discord_erlpack@1 to /home/jojito/.config/discord/0.0.39/modules/pending/discord_erlpack-1.zip: 71%
2023-12-22T19:52:06.005Z [Modules] Streaming discord_erlpack@1 to /home/jojito/.config/discord/0.0.39/modules/pending/discord_erlpack-1.zip: 75%
2023-12-22T19:52:06.006Z [Modules] Streaming discord_erlpack@1 to /home/jojito/.config/discord/0.0.39/modules/pending/discord_erlpack-1.zip: 79%
2023-12-22T19:52:06.006Z [Modules] Streaming discord_erlpack@1 to /home/jojito/.config/discord/0.0.39/modules/pending/discord_erlpack-1.zip: 93%
2023-12-22T19:52:06.007Z [Modules] Streaming discord_erlpack@1 to /home/jojito/.config/discord/0.0.39/modules/pending/discord_erlpack-1.zip: 100%
2023-12-22T19:52:06.008Z [Modules] Fetching discord_spellcheck@1 from https://discord.com/api/modules/stable/discord_spellcheck/1
2023-12-22T19:52:06.008Z [Modules] Streaming discord_spellcheck@1 to /home/jojito/.config/discord/0.0.39/modules/pending/discord_spellcheck-1.zip
2023-12-22T19:52:06.299Z [Modules] Streaming discord_spellcheck@1 to /home/jojito/.config/discord/0.0.39/modules/pending/discord_spellcheck-1.zip: 1%
2023-12-22T19:52:06.311Z [Modules] Streaming discord_spellcheck@1 to /home/jojito/.config/discord/0.0.39/modules/pending/discord_spellcheck-1.zip: 2%
2023-12-22T19:52:06.317Z [Modules] Streaming discord_spellcheck@1 to /home/jojito/.config/discord/0.0.39/modules/pending/discord_spellcheck-1.zip: 3%
2023-12-22T19:52:06.325Z [Modules] Streaming discord_spellcheck@1 to /home/jojito/.config/discord/0.0.39/modules/pending/discord_spellcheck-1.zip: 4%
2023-12-22T19:52:06.333Z [Modules] Streaming discord_spellcheck@1 to /home/jojito/.config/discord/0.0.39/modules/pending/discord_spellcheck-1.zip: 5%
2023-12-22T19:52:06.347Z [Modules] Streaming discord_spellcheck@1 to /home/jojito/.config/discord/0.0.39/modules/pending/discord_spellcheck-1.zip: 6%
2023-12-22T19:52:06.353Z [Modules] Streaming discord_spellcheck@1 to /home/jojito/.config/discord/0.0.39/modules/pending/discord_spellcheck-1.zip: 7%
2023-12-22T19:52:06.360Z [Modules] Streaming discord_spellcheck@1 to /home/jojito/.config/discord/0.0.39/modules/pending/discord_spellcheck-1.zip: 8%
2023-12-22T19:52:06.369Z [Modules] Streaming discord_spellcheck@1 to /home/jojito/.config/discord/0.0.39/modules/pending/discord_spellcheck-1.zip: 9%
2023-12-22T19:52:06.379Z [Modules] Streaming discord_spellcheck@1 to /home/jojito/.config/discord/0.0.39/modules/pending/discord_spellcheck-1.zip: 10%
2023-12-22T19:52:06.476Z [Modules] Streaming discord_spellcheck@1 to /home/jojito/.config/discord/0.0.39/modules/pending/discord_spellcheck-1.zip: 11%
2023-12-22T19:52:06.484Z [Modules] Streaming discord_spellcheck@1 to /home/jojito/.config/discord/0.0.39/modules/pending/discord_spellcheck-1.zip: 12%
2023-12-22T19:52:06.492Z [Modules] Streaming discord_spellcheck@1 to /home/jojito/.config/discord/0.0.39/modules/pending/discord_spellcheck-1.zip: 13%
2023-12-22T19:52:06.502Z [Modules] Streaming discord_spellcheck@1 to /home/jojito/.config/discord/0.0.39/modules/pending/discord_spellcheck-1.zip: 14%
2023-12-22T19:52:06.505Z [Modules] Streaming discord_spellcheck@1 to /home/jojito/.config/discord/0.0.39/modules/pending/discord_spellcheck-1.zip: 15%
2023-12-22T19:52:06.506Z [Modules] Streaming discord_spellcheck@1 to /home/jojito/.config/discord/0.0.39/modules/pending/discord_spellcheck-1.zip: 18%
2023-12-22T19:52:06.506Z [Modules] Streaming discord_spellcheck@1 to /home/jojito/.config/discord/0.0.39/modules/pending/discord_spellcheck-1.zip: 20%
2023-12-22T19:52:06.507Z [Modules] Streaming discord_spellcheck@1 to /home/jojito/.config/discord/0.0.39/modules/pending/discord_spellcheck-1.zip: 23%
2023-12-22T19:52:06.515Z [Modules] Streaming discord_spellcheck@1 to /home/jojito/.config/discord/0.0.39/modules/pending/discord_spellcheck-1.zip: 24%
2023-12-22T19:52:06.524Z [Modules] Streaming discord_spellcheck@1 to /home/jojito/.config/discord/0.0.39/modules/pending/discord_spellcheck-1.zip: 25%
2023-12-22T19:52:06.535Z [Modules] Streaming discord_spellcheck@1 to /home/jojito/.config/discord/0.0.39/modules/pending/discord_spellcheck-1.zip: 26%
2023-12-22T19:52:06.540Z [Modules] Streaming discord_spellcheck@1 to /home/jojito/.config/discord/0.0.39/modules/pending/discord_spellcheck-1.zip: 27%
2023-12-22T19:52:06.554Z [Modules] Streaming discord_spellcheck@1 to /home/jojito/.config/discord/0.0.39/modules/pending/discord_spellcheck-1.zip: 28%
2023-12-22T19:52:06.562Z [Modules] Streaming discord_spellcheck@1 to /home/jojito/.config/discord/0.0.39/modules/pending/discord_spellcheck-1.zip: 29%
2023-12-22T19:52:06.575Z [Modules] Streaming discord_spellcheck@1 to /home/jojito/.config/discord/0.0.39/modules/pending/discord_spellcheck-1.zip: 30%
2023-12-22T19:52:06.581Z [Modules] Streaming discord_spellcheck@1 to /home/jojito/.config/discord/0.0.39/modules/pending/discord_spellcheck-1.zip: 31%
2023-12-22T19:52:06.588Z [Modules] Streaming discord_spellcheck@1 to /home/jojito/.config/discord/0.0.39/modules/pending/discord_spellcheck-1.zip: 32%
2023-12-22T19:52:06.598Z [Modules] Streaming discord_spellcheck@1 to /home/jojito/.config/discord/0.0.39/modules/pending/discord_spellcheck-1.zip: 33%
2023-12-22T19:52:06.607Z [Modules] Streaming discord_spellcheck@1 to /home/jojito/.config/discord/0.0.39/modules/pending/discord_spellcheck-1.zip: 34%
2023-12-22T19:52:06.619Z [Modules] Streaming discord_spellcheck@1 to /home/jojito/.config/discord/0.0.39/modules/pending/discord_spellcheck-1.zip: 35%
2023-12-22T19:52:06.714Z [Modules] Streaming discord_spellcheck@1 to /home/jojito/.config/discord/0.0.39/modules/pending/discord_spellcheck-1.zip: 36%
2023-12-22T19:52:06.721Z [Modules] Streaming discord_spellcheck@1 to /home/jojito/.config/discord/0.0.39/modules/pending/discord_spellcheck-1.zip: 37%
2023-12-22T19:52:06.728Z [Modules] Streaming discord_spellcheck@1 to /home/jojito/.config/discord/0.0.39/modules/pending/discord_spellcheck-1.zip: 38%
2023-12-22T19:52:06.730Z [Modules] Streaming discord_spellcheck@1 to /home/jojito/.config/discord/0.0.39/modules/pending/discord_spellcheck-1.zip: 39%
2023-12-22T19:52:06.733Z [Modules] Streaming discord_spellcheck@1 to /home/jojito/.config/discord/0.0.39/modules/pending/discord_spellcheck-1.zip: 40%
2023-12-22T19:52:06.740Z [Modules] Streaming discord_spellcheck@1 to /home/jojito/.config/discord/0.0.39/modules/pending/discord_spellcheck-1.zip: 41%
2023-12-22T19:52:06.742Z [Modules] Streaming discord_spellcheck@1 to /home/jojito/.config/discord/0.0.39/modules/pending/discord_spellcheck-1.zip: 42%
2023-12-22T19:52:06.743Z [Modules] Streaming discord_spellcheck@1 to /home/jojito/.config/discord/0.0.39/modules/pending/discord_spellcheck-1.zip: 43%
2023-12-22T19:52:06.743Z [Modules] Streaming discord_spellcheck@1 to /home/jojito/.config/discord/0.0.39/modules/pending/discord_spellcheck-1.zip: 45%
2023-12-22T19:52:06.744Z [Modules] Streaming discord_spellcheck@1 to /home/jojito/.config/discord/0.0.39/modules/pending/discord_spellcheck-1.zip: 46%
2023-12-22T19:52:06.777Z [Modules] Streaming discord_spellcheck@1 to /home/jojito/.config/discord/0.0.39/modules/pending/discord_spellcheck-1.zip: 47%
2023-12-22T19:52:06.778Z [Modules] Streaming discord_spellcheck@1 to /home/jojito/.config/discord/0.0.39/modules/pending/discord_spellcheck-1.zip: 52%
2023-12-22T19:52:06.782Z [Modules] Streaming discord_spellcheck@1 to /home/jojito/.config/discord/0.0.39/modules/pending/discord_spellcheck-1.zip: 53%
2023-12-22T19:52:06.790Z [Modules] Streaming discord_spellcheck@1 to /home/jojito/.config/discord/0.0.39/modules/pending/discord_spellcheck-1.zip: 54%
2023-12-22T19:52:06.797Z [Modules] Streaming discord_spellcheck@1 to /home/jojito/.config/discord/0.0.39/modules/pending/discord_spellcheck-1.zip: 55%
2023-12-22T19:52:06.809Z [Modules] Streaming discord_spellcheck@1 to /home/jojito/.config/discord/0.0.39/modules/pending/discord_spellcheck-1.zip: 56%
2023-12-22T19:52:06.816Z [Modules] Streaming discord_spellcheck@1 to /home/jojito/.config/discord/0.0.39/modules/pending/discord_spellcheck-1.zip: 57%
2023-12-22T19:52:06.823Z [Modules] Streaming discord_spellcheck@1 to /home/jojito/.config/discord/0.0.39/modules/pending/discord_spellcheck-1.zip: 58%
2023-12-22T19:52:06.837Z [Modules] Streaming discord_spellcheck@1 to /home/jojito/.config/discord/0.0.39/modules/pending/discord_spellcheck-1.zip: 59%
2023-12-22T19:52:06.846Z [Modules] Streaming discord_spellcheck@1 to /home/jojito/.config/discord/0.0.39/modules/pending/discord_spellcheck-1.zip: 60%
2023-12-22T19:52:06.853Z [Modules] Streaming discord_spellcheck@1 to /home/jojito/.config/discord/0.0.39/modules/pending/discord_spellcheck-1.zip: 61%
2023-12-22T19:52:06.862Z [Modules] Streaming discord_spellcheck@1 to /home/jojito/.config/discord/0.0.39/modules/pending/discord_spellcheck-1.zip: 62%
2023-12-22T19:52:06.875Z [Modules] Streaming discord_spellcheck@1 to /home/jojito/.config/discord/0.0.39/modules/pending/discord_spellcheck-1.zip: 63%
2023-12-22T19:52:06.883Z [Modules] Streaming discord_spellcheck@1 to /home/jojito/.config/discord/0.0.39/modules/pending/discord_spellcheck-1.zip: 64%
2023-12-22T19:52:06.893Z [Modules] Streaming discord_spellcheck@1 to /home/jojito/.config/discord/0.0.39/modules/pending/discord_spellcheck-1.zip: 65%
2023-12-22T19:52:06.898Z [Modules] Streaming discord_spellcheck@1 to /home/jojito/.config/discord/0.0.39/modules/pending/discord_spellcheck-1.zip: 66%
2023-12-22T19:52:06.913Z [Modules] Streaming discord_spellcheck@1 to /home/jojito/.config/discord/0.0.39/modules/pending/discord_spellcheck-1.zip: 67%
2023-12-22T19:52:06.921Z [Modules] Streaming discord_spellcheck@1 to /home/jojito/.config/discord/0.0.39/modules/pending/discord_spellcheck-1.zip: 68%
2023-12-22T19:52:06.928Z [Modules] Streaming discord_spellcheck@1 to /home/jojito/.config/discord/0.0.39/modules/pending/discord_spellcheck-1.zip: 69%
2023-12-22T19:52:06.938Z [Modules] Streaming discord_spellcheck@1 to /home/jojito/.config/discord/0.0.39/modules/pending/discord_spellcheck-1.zip: 70%
2023-12-22T19:52:06.944Z [Modules] Streaming discord_spellcheck@1 to /home/jojito/.config/discord/0.0.39/modules/pending/discord_spellcheck-1.zip: 71%
2023-12-22T19:52:07.050Z [Modules] Streaming discord_spellcheck@1 to /home/jojito/.config/discord/0.0.39/modules/pending/discord_spellcheck-1.zip: 72%
2023-12-22T19:52:07.052Z [Modules] Streaming discord_spellcheck@1 to /home/jojito/.config/discord/0.0.39/modules/pending/discord_spellcheck-1.zip: 73%
2023-12-22T19:52:07.059Z [Modules] Streaming discord_spellcheck@1 to /home/jojito/.config/discord/0.0.39/modules/pending/discord_spellcheck-1.zip: 74%
2023-12-22T19:52:07.063Z [Modules] Streaming discord_spellcheck@1 to /home/jojito/.config/discord/0.0.39/modules/pending/discord_spellcheck-1.zip: 75%
2023-12-22T19:52:07.070Z [Modules] Streaming discord_spellcheck@1 to /home/jojito/.config/discord/0.0.39/modules/pending/discord_spellcheck-1.zip: 76%
2023-12-22T19:52:07.155Z [Modules] Streaming discord_spellcheck@1 to /home/jojito/.config/discord/0.0.39/modules/pending/discord_spellcheck-1.zip: 77%
2023-12-22T19:52:07.157Z [Modules] Streaming discord_spellcheck@1 to /home/jojito/.config/discord/0.0.39/modules/pending/discord_spellcheck-1.zip: 79%
2023-12-22T19:52:07.159Z [Modules] Streaming discord_spellcheck@1 to /home/jojito/.config/discord/0.0.39/modules/pending/discord_spellcheck-1.zip: 82%
2023-12-22T19:52:07.160Z [Modules] Streaming discord_spellcheck@1 to /home/jojito/.config/discord/0.0.39/modules/pending/discord_spellcheck-1.zip: 84%
2023-12-22T19:52:07.162Z [Modules] Streaming discord_spellcheck@1 to /home/jojito/.config/discord/0.0.39/modules/pending/discord_spellcheck-1.zip: 87%
2023-12-22T19:52:07.163Z [Modules] Streaming discord_spellcheck@1 to /home/jojito/.config/discord/0.0.39/modules/pending/discord_spellcheck-1.zip: 90%
2023-12-22T19:52:07.191Z [Modules] Streaming discord_spellcheck@1 to /home/jojito/.config/discord/0.0.39/modules/pending/discord_spellcheck-1.zip: 91%
2023-12-22T19:52:07.201Z [Modules] Streaming discord_spellcheck@1 to /home/jojito/.config/discord/0.0.39/modules/pending/discord_spellcheck-1.zip: 92%
2023-12-22T19:52:07.212Z [Modules] Streaming discord_spellcheck@1 to /home/jojito/.config/discord/0.0.39/modules/pending/discord_spellcheck-1.zip: 93%
2023-12-22T19:52:07.219Z [Modules] Streaming discord_spellcheck@1 to /home/jojito/.config/discord/0.0.39/modules/pending/discord_spellcheck-1.zip: 94%
2023-12-22T19:52:07.227Z [Modules] Streaming discord_spellcheck@1 to /home/jojito/.config/discord/0.0.39/modules/pending/discord_spellcheck-1.zip: 95%
2023-12-22T19:52:07.235Z [Modules] Streaming discord_spellcheck@1 to /home/jojito/.config/discord/0.0.39/modules/pending/discord_spellcheck-1.zip: 96%
2023-12-22T19:52:07.247Z [Modules] Streaming discord_spellcheck@1 to /home/jojito/.config/discord/0.0.39/modules/pending/discord_spellcheck-1.zip: 97%
2023-12-22T19:52:07.254Z [Modules] Streaming discord_spellcheck@1 to /home/jojito/.config/discord/0.0.39/modules/pending/discord_spellcheck-1.zip: 98%
2023-12-22T19:52:07.263Z [Modules] Streaming discord_spellcheck@1 to /home/jojito/.config/discord/0.0.39/modules/pending/discord_spellcheck-1.zip: 99%
2023-12-22T19:52:07.272Z [Modules] Streaming discord_spellcheck@1 to /home/jojito/.config/discord/0.0.39/modules/pending/discord_spellcheck-1.zip: 100%
2023-12-22T19:52:07.273Z [Modules] Fetching discord_utils@1 from https://discord.com/api/modules/stable/discord_utils/1
2023-12-22T19:52:07.273Z [Modules] Streaming discord_utils@1 to /home/jojito/.config/discord/0.0.39/modules/pending/discord_utils-1.zip
2023-12-22T19:52:07.524Z [Modules] Streaming discord_utils@1 to /home/jojito/.config/discord/0.0.39/modules/pending/discord_utils-1.zip: 1%
2023-12-22T19:52:07.526Z [Modules] Streaming discord_utils@1 to /home/jojito/.config/discord/0.0.39/modules/pending/discord_utils-1.zip: 2%
2023-12-22T19:52:07.528Z [Modules] Streaming discord_utils@1 to /home/jojito/.config/discord/0.0.39/modules/pending/discord_utils-1.zip: 3%
2023-12-22T19:52:07.532Z [Modules] Streaming discord_utils@1 to /home/jojito/.config/discord/0.0.39/modules/pending/discord_utils-1.zip: 4%
2023-12-22T19:52:07.535Z [Modules] Streaming discord_utils@1 to /home/jojito/.config/discord/0.0.39/modules/pending/discord_utils-1.zip: 5%
2023-12-22T19:52:07.538Z [Modules] Streaming discord_utils@1 to /home/jojito/.config/discord/0.0.39/modules/pending/discord_utils-1.zip: 6%
2023-12-22T19:52:07.541Z [Modules] Streaming discord_utils@1 to /home/jojito/.config/discord/0.0.39/modules/pending/discord_utils-1.zip: 7%
2023-12-22T19:52:07.543Z [Modules] Streaming discord_utils@1 to /home/jojito/.config/discord/0.0.39/modules/pending/discord_utils-1.zip: 8%
2023-12-22T19:52:07.545Z [Modules] Streaming discord_utils@1 to /home/jojito/.config/discord/0.0.39/modules/pending/discord_utils-1.zip: 9%
2023-12-22T19:52:07.547Z [Modules] Streaming discord_utils@1 to /home/jojito/.config/discord/0.0.39/modules/pending/discord_utils-1.zip: 10%
2023-12-22T19:52:07.549Z [Modules] Streaming discord_utils@1 to /home/jojito/.config/discord/0.0.39/modules/pending/discord_utils-1.zip: 11%
2023-12-22T19:52:07.551Z [Modules] Streaming discord_utils@1 to /home/jojito/.config/discord/0.0.39/modules/pending/discord_utils-1.zip: 12%
2023-12-22T19:52:07.556Z [Modules] Streaming discord_utils@1 to /home/jojito/.config/discord/0.0.39/modules/pending/discord_utils-1.zip: 13%
2023-12-22T19:52:07.558Z [Modules] Streaming discord_utils@1 to /home/jojito/.config/discord/0.0.39/modules/pending/discord_utils-1.zip: 14%
2023-12-22T19:52:07.562Z [Modules] Streaming discord_utils@1 to /home/jojito/.config/discord/0.0.39/modules/pending/discord_utils-1.zip: 15%
2023-12-22T19:52:07.564Z [Modules] Streaming discord_utils@1 to /home/jojito/.config/discord/0.0.39/modules/pending/discord_utils-1.zip: 16%
2023-12-22T19:52:07.566Z [Modules] Streaming discord_utils@1 to /home/jojito/.config/discord/0.0.39/modules/pending/discord_utils-1.zip: 17%
2023-12-22T19:52:07.568Z [Modules] Streaming discord_utils@1 to /home/jojito/.config/discord/0.0.39/modules/pending/discord_utils-1.zip: 18%
2023-12-22T19:52:07.572Z [Modules] Streaming discord_utils@1 to /home/jojito/.config/discord/0.0.39/modules/pending/discord_utils-1.zip: 19%
2023-12-22T19:52:07.575Z [Modules] Streaming discord_utils@1 to /home/jojito/.config/discord/0.0.39/modules/pending/discord_utils-1.zip: 21%
2023-12-22T19:52:07.579Z [Modules] Streaming discord_utils@1 to /home/jojito/.config/discord/0.0.39/modules/pending/discord_utils-1.zip: 22%
2023-12-22T19:52:07.581Z [Modules] Streaming discord_utils@1 to /home/jojito/.config/discord/0.0.39/modules/pending/discord_utils-1.zip: 23%
2023-12-22T19:52:07.584Z [Modules] Streaming discord_utils@1 to /home/jojito/.config/discord/0.0.39/modules/pending/discord_utils-1.zip: 24%
2023-12-22T19:52:07.588Z [Modules] Streaming discord_utils@1 to /home/jojito/.config/discord/0.0.39/modules/pending/discord_utils-1.zip: 25%
2023-12-22T19:52:07.590Z [Modules] Streaming discord_utils@1 to /home/jojito/.config/discord/0.0.39/modules/pending/discord_utils-1.zip: 26%
2023-12-22T19:52:07.592Z [Modules] Streaming discord_utils@1 to /home/jojito/.config/discord/0.0.39/modules/pending/discord_utils-1.zip: 27%
2023-12-22T19:52:07.596Z [Modules] Streaming discord_utils@1 to /home/jojito/.config/discord/0.0.39/modules/pending/discord_utils-1.zip: 28%
2023-12-22T19:52:07.599Z [Modules] Streaming discord_utils@1 to /home/jojito/.config/discord/0.0.39/modules/pending/discord_utils-1.zip: 30%
2023-12-22T19:52:07.601Z [Modules] Streaming discord_utils@1 to /home/jojito/.config/discord/0.0.39/modules/pending/discord_utils-1.zip: 31%
2023-12-22T19:52:07.605Z [Modules] Streaming discord_utils@1 to /home/jojito/.config/discord/0.0.39/modules/pending/discord_utils-1.zip: 32%
2023-12-22T19:52:07.686Z [Modules] Streaming discord_utils@1 to /home/jojito/.config/discord/0.0.39/modules/pending/discord_utils-1.zip: 34%
2023-12-22T19:52:07.688Z [Modules] Streaming discord_utils@1 to /home/jojito/.config/discord/0.0.39/modules/pending/discord_utils-1.zip: 36%
2023-12-22T19:52:07.692Z [Modules] Streaming discord_utils@1 to /home/jojito/.config/discord/0.0.39/modules/pending/discord_utils-1.zip: 37%
2023-12-22T19:52:07.696Z [Modules] Streaming discord_utils@1 to /home/jojito/.config/discord/0.0.39/modules/pending/discord_utils-1.zip: 39%
2023-12-22T19:52:07.699Z [Modules] Streaming discord_utils@1 to /home/jojito/.config/discord/0.0.39/modules/pending/discord_utils-1.zip: 40%
2023-12-22T19:52:07.701Z [Modules] Streaming discord_utils@1 to /home/jojito/.config/discord/0.0.39/modules/pending/discord_utils-1.zip: 41%
2023-12-22T19:52:07.703Z [Modules] Streaming discord_utils@1 to /home/jojito/.config/discord/0.0.39/modules/pending/discord_utils-1.zip: 43%
2023-12-22T19:52:07.705Z [Modules] Streaming discord_utils@1 to /home/jojito/.config/discord/0.0.39/modules/pending/discord_utils-1.zip: 44%
2023-12-22T19:52:07.706Z [Modules] Streaming discord_utils@1 to /home/jojito/.config/discord/0.0.39/modules/pending/discord_utils-1.zip: 46%
2023-12-22T19:52:07.706Z [Modules] Streaming discord_utils@1 to /home/jojito/.config/discord/0.0.39/modules/pending/discord_utils-1.zip: 49%
2023-12-22T19:52:07.708Z [Modules] Streaming discord_utils@1 to /home/jojito/.config/discord/0.0.39/modules/pending/discord_utils-1.zip: 50%
2023-12-22T19:52:07.713Z [Modules] Streaming discord_utils@1 to /home/jojito/.config/discord/0.0.39/modules/pending/discord_utils-1.zip: 52%
2023-12-22T19:52:07.714Z [Modules] Streaming discord_utils@1 to /home/jojito/.config/discord/0.0.39/modules/pending/discord_utils-1.zip: 57%
2023-12-22T19:52:07.714Z [Modules] Streaming discord_utils@1 to /home/jojito/.config/discord/0.0.39/modules/pending/discord_utils-1.zip: 59%
2023-12-22T19:52:07.716Z [Modules] Streaming discord_utils@1 to /home/jojito/.config/discord/0.0.39/modules/pending/discord_utils-1.zip: 61%
2023-12-22T19:52:07.716Z [Modules] Streaming discord_utils@1 to /home/jojito/.config/discord/0.0.39/modules/pending/discord_utils-1.zip: 62%
2023-12-22T19:52:07.747Z [Modules] Streaming discord_utils@1 to /home/jojito/.config/discord/0.0.39/modules/pending/discord_utils-1.zip: 64%
2023-12-22T19:52:07.748Z [Modules] Streaming discord_utils@1 to /home/jojito/.config/discord/0.0.39/modules/pending/discord_utils-1.zip: 67%
2023-12-22T19:52:07.748Z [Modules] Streaming discord_utils@1 to /home/jojito/.config/discord/0.0.39/modules/pending/discord_utils-1.zip: 74%
2023-12-22T19:52:07.753Z [Modules] Streaming discord_utils@1 to /home/jojito/.config/discord/0.0.39/modules/pending/discord_utils-1.zip: 75%
2023-12-22T19:52:07.755Z [Modules] Streaming discord_utils@1 to /home/jojito/.config/discord/0.0.39/modules/pending/discord_utils-1.zip: 77%
2023-12-22T19:52:07.758Z [Modules] Streaming discord_utils@1 to /home/jojito/.config/discord/0.0.39/modules/pending/discord_utils-1.zip: 78%
2023-12-22T19:52:07.761Z [Modules] Streaming discord_utils@1 to /home/jojito/.config/discord/0.0.39/modules/pending/discord_utils-1.zip: 79%
2023-12-22T19:52:07.764Z [Modules] Streaming discord_utils@1 to /home/jojito/.config/discord/0.0.39/modules/pending/discord_utils-1.zip: 80%
2023-12-22T19:52:07.765Z [Modules] Streaming discord_utils@1 to /home/jojito/.config/discord/0.0.39/modules/pending/discord_utils-1.zip: 81%
2023-12-22T19:52:07.772Z [Modules] Streaming discord_utils@1 to /home/jojito/.config/discord/0.0.39/modules/pending/discord_utils-1.zip: 82%
2023-12-22T19:52:07.779Z [Modules] Streaming discord_utils@1 to /home/jojito/.config/discord/0.0.39/modules/pending/discord_utils-1.zip: 84%
2023-12-22T19:52:07.787Z [Modules] Streaming discord_utils@1 to /home/jojito/.config/discord/0.0.39/modules/pending/discord_utils-1.zip: 85%
2023-12-22T19:52:07.791Z [Modules] Streaming discord_utils@1 to /home/jojito/.config/discord/0.0.39/modules/pending/discord_utils-1.zip: 87%
2023-12-22T19:52:07.794Z [Modules] Streaming discord_utils@1 to /home/jojito/.config/discord/0.0.39/modules/pending/discord_utils-1.zip: 88%
2023-12-22T19:52:07.796Z [Modules] Streaming discord_utils@1 to /home/jojito/.config/discord/0.0.39/modules/pending/discord_utils-1.zip: 89%
2023-12-22T19:52:07.799Z [Modules] Streaming discord_utils@1 to /home/jojito/.config/discord/0.0.39/modules/pending/discord_utils-1.zip: 90%
2023-12-22T19:52:07.800Z [Modules] Streaming discord_utils@1 to /home/jojito/.config/discord/0.0.39/modules/pending/discord_utils-1.zip: 91%
2023-12-22T19:52:07.804Z [Modules] Streaming discord_utils@1 to /home/jojito/.config/discord/0.0.39/modules/pending/discord_utils-1.zip: 93%
2023-12-22T19:52:07.810Z [Modules] Streaming discord_utils@1 to /home/jojito/.config/discord/0.0.39/modules/pending/discord_utils-1.zip: 95%
2023-12-22T19:52:07.813Z [Modules] Streaming discord_utils@1 to /home/jojito/.config/discord/0.0.39/modules/pending/discord_utils-1.zip: 96%
2023-12-22T19:52:07.815Z [Modules] Streaming discord_utils@1 to /home/jojito/.config/discord/0.0.39/modules/pending/discord_utils-1.zip: 97%
2023-12-22T19:52:07.817Z [Modules] Streaming discord_utils@1 to /home/jojito/.config/discord/0.0.39/modules/pending/discord_utils-1.zip: 98%
2023-12-22T19:52:07.819Z [Modules] Streaming discord_utils@1 to /home/jojito/.config/discord/0.0.39/modules/pending/discord_utils-1.zip: 100%
2023-12-22T19:52:07.820Z [Modules] Fetching discord_voice@1 from https://discord.com/api/modules/stable/discord_voice/1
2023-12-22T19:52:07.820Z [Modules] Streaming discord_voice@1 to /home/jojito/.config/discord/0.0.39/modules/pending/discord_voice-1.zip
2023-12-22T19:52:08.064Z [Modules] Streaming discord_voice@1 to /home/jojito/.config/discord/0.0.39/modules/pending/discord_voice-1.zip: 1%
2023-12-22T19:52:08.085Z [Modules] Streaming discord_voice@1 to /home/jojito/.config/discord/0.0.39/modules/pending/discord_voice-1.zip: 2%
2023-12-22T19:52:08.107Z [Modules] Streaming discord_voice@1 to /home/jojito/.config/discord/0.0.39/modules/pending/discord_voice-1.zip: 3%
2023-12-22T19:52:08.295Z [Modules] Streaming discord_voice@1 to /home/jojito/.config/discord/0.0.39/modules/pending/discord_voice-1.zip: 4%
2023-12-22T19:52:08.317Z [Modules] Streaming discord_voice@1 to /home/jojito/.config/discord/0.0.39/modules/pending/discord_voice-1.zip: 5%
2023-12-22T19:52:08.330Z [Modules] Streaming discord_voice@1 to /home/jojito/.config/discord/0.0.39/modules/pending/discord_voice-1.zip: 6%
2023-12-22T19:52:08.331Z [Modules] Streaming discord_voice@1 to /home/jojito/.config/discord/0.0.39/modules/pending/discord_voice-1.zip: 7%
2023-12-22T19:52:08.332Z [Modules] Streaming discord_voice@1 to /home/jojito/.config/discord/0.0.39/modules/pending/discord_voice-1.zip: 8%
2023-12-22T19:52:08.332Z [Modules] Streaming discord_voice@1 to /home/jojito/.config/discord/0.0.39/modules/pending/discord_voice-1.zip: 9%
2023-12-22T19:52:08.358Z [Modules] Streaming discord_voice@1 to /home/jojito/.config/discord/0.0.39/modules/pending/discord_voice-1.zip: 10%
2023-12-22T19:52:08.537Z [Modules] Streaming discord_voice@1 to /home/jojito/.config/discord/0.0.39/modules/pending/discord_voice-1.zip: 11%
2023-12-22T19:52:08.538Z [Modules] Streaming discord_voice@1 to /home/jojito/.config/discord/0.0.39/modules/pending/discord_voice-1.zip: 12%
2023-12-22T19:52:08.539Z [Modules] Streaming discord_voice@1 to /home/jojito/.config/discord/0.0.39/modules/pending/discord_voice-1.zip: 13%
2023-12-22T19:52:08.540Z [Modules] Streaming discord_voice@1 to /home/jojito/.config/discord/0.0.39/modules/pending/discord_voice-1.zip: 14%
2023-12-22T19:52:08.626Z [Modules] Streaming discord_voice@1 to /home/jojito/.config/discord/0.0.39/modules/pending/discord_voice-1.zip: 15%
2023-12-22T19:52:08.653Z [Modules] Streaming discord_voice@1 to /home/jojito/.config/discord/0.0.39/modules/pending/discord_voice-1.zip: 16%
2023-12-22T19:52:08.654Z [Modules] Streaming discord_voice@1 to /home/jojito/.config/discord/0.0.39/modules/pending/discord_voice-1.zip: 17%
2023-12-22T19:52:08.655Z [Modules] Streaming discord_voice@1 to /home/jojito/.config/discord/0.0.39/modules/pending/discord_voice-1.zip: 18%
2023-12-22T19:52:08.674Z [Modules] Streaming discord_voice@1 to /home/jojito/.config/discord/0.0.39/modules/pending/discord_voice-1.zip: 19%
2023-12-22T19:52:08.706Z [Modules] Streaming discord_voice@1 to /home/jojito/.config/discord/0.0.39/modules/pending/discord_voice-1.zip: 20%
2023-12-22T19:52:08.724Z [Modules] Streaming discord_voice@1 to /home/jojito/.config/discord/0.0.39/modules/pending/discord_voice-1.zip: 21%
2023-12-22T19:52:08.753Z [Modules] Streaming discord_voice@1 to /home/jojito/.config/discord/0.0.39/modules/pending/discord_voice-1.zip: 22%
2023-12-22T19:52:08.772Z [Modules] Streaming discord_voice@1 to /home/jojito/.config/discord/0.0.39/modules/pending/discord_voice-1.zip: 23%
2023-12-22T19:52:08.793Z [Modules] Streaming discord_voice@1 to /home/jojito/.config/discord/0.0.39/modules/pending/discord_voice-1.zip: 24%
2023-12-22T19:52:08.820Z [Modules] Streaming discord_voice@1 to /home/jojito/.config/discord/0.0.39/modules/pending/discord_voice-1.zip: 25%
2023-12-22T19:52:08.839Z [Modules] Streaming discord_voice@1 to /home/jojito/.config/discord/0.0.39/modules/pending/discord_voice-1.zip: 26%
2023-12-22T19:52:08.857Z [Modules] Streaming discord_voice@1 to /home/jojito/.config/discord/0.0.39/modules/pending/discord_voice-1.zip: 27%
2023-12-22T19:52:08.876Z [Modules] Streaming discord_voice@1 to /home/jojito/.config/discord/0.0.39/modules/pending/discord_voice-1.zip: 28%
2023-12-22T19:52:08.894Z [Modules] Streaming discord_voice@1 to /home/jojito/.config/discord/0.0.39/modules/pending/discord_voice-1.zip: 29%
2023-12-22T19:52:08.940Z [Modules] Streaming discord_voice@1 to /home/jojito/.config/discord/0.0.39/modules/pending/discord_voice-1.zip: 30%
2023-12-22T19:52:08.962Z [Modules] Streaming discord_voice@1 to /home/jojito/.config/discord/0.0.39/modules/pending/discord_voice-1.zip: 31%
2023-12-22T19:52:08.990Z [Modules] Streaming discord_voice@1 to /home/jojito/.config/discord/0.0.39/modules/pending/discord_voice-1.zip: 32%
2023-12-22T19:52:09.008Z [Modules] Streaming discord_voice@1 to /home/jojito/.config/discord/0.0.39/modules/pending/discord_voice-1.zip: 33%
2023-12-22T19:52:09.121Z [Modules] Streaming discord_voice@1 to /home/jojito/.config/discord/0.0.39/modules/pending/discord_voice-1.zip: 34%
2023-12-22T19:52:09.145Z [Modules] Streaming discord_voice@1 to /home/jojito/.config/discord/0.0.39/modules/pending/discord_voice-1.zip: 35%
2023-12-22T19:52:09.148Z [Modules] Streaming discord_voice@1 to /home/jojito/.config/discord/0.0.39/modules/pending/discord_voice-1.zip: 36%
2023-12-22T19:52:09.148Z [Modules] Streaming discord_voice@1 to /home/jojito/.config/discord/0.0.39/modules/pending/discord_voice-1.zip: 37%
2023-12-22T19:52:09.149Z [Modules] Streaming discord_voice@1 to /home/jojito/.config/discord/0.0.39/modules/pending/discord_voice-1.zip: 38%
2023-12-22T19:52:09.198Z [Modules] Streaming discord_voice@1 to /home/jojito/.config/discord/0.0.39/modules/pending/discord_voice-1.zip: 39%
2023-12-22T19:52:09.200Z [Modules] Streaming discord_voice@1 to /home/jojito/.config/discord/0.0.39/modules/pending/discord_voice-1.zip: 40%
2023-12-22T19:52:09.202Z [Modules] Streaming discord_voice@1 to /home/jojito/.config/discord/0.0.39/modules/pending/discord_voice-1.zip: 41%
2023-12-22T19:52:09.217Z [Modules] Streaming discord_voice@1 to /home/jojito/.config/discord/0.0.39/modules/pending/discord_voice-1.zip: 42%
2023-12-22T19:52:09.238Z [Modules] Streaming discord_voice@1 to /home/jojito/.config/discord/0.0.39/modules/pending/discord_voice-1.zip: 43%
2023-12-22T19:52:09.263Z [Modules] Streaming discord_voice@1 to /home/jojito/.config/discord/0.0.39/modules/pending/discord_voice-1.zip: 44%
2023-12-22T19:52:09.282Z [Modules] Streaming discord_voice@1 to /home/jojito/.config/discord/0.0.39/modules/pending/discord_voice-1.zip: 45%
2023-12-22T19:52:09.397Z [Modules] Streaming discord_voice@1 to /home/jojito/.config/discord/0.0.39/modules/pending/discord_voice-1.zip: 46%
2023-12-22T19:52:09.418Z [Modules] Streaming discord_voice@1 to /home/jojito/.config/discord/0.0.39/modules/pending/discord_voice-1.zip: 47%
2023-12-22T19:52:09.421Z [Modules] Streaming discord_voice@1 to /home/jojito/.config/discord/0.0.39/modules/pending/discord_voice-1.zip: 48%
2023-12-22T19:52:09.426Z [Modules] Streaming discord_voice@1 to /home/jojito/.config/discord/0.0.39/modules/pending/discord_voice-1.zip: 49%
2023-12-22T19:52:09.426Z [Modules] Streaming discord_voice@1 to /home/jojito/.config/discord/0.0.39/modules/pending/discord_voice-1.zip: 50%
2023-12-22T19:52:09.465Z [Modules] Streaming discord_voice@1 to /home/jojito/.config/discord/0.0.39/modules/pending/discord_voice-1.zip: 51%
2023-12-22T19:52:09.466Z [Modules] Streaming discord_voice@1 to /home/jojito/.config/discord/0.0.39/modules/pending/discord_voice-1.zip: 52%
2023-12-22T19:52:09.467Z [Modules] Streaming discord_voice@1 to /home/jojito/.config/discord/0.0.39/modules/pending/discord_voice-1.zip: 53%
2023-12-22T19:52:09.489Z [Modules] Streaming discord_voice@1 to /home/jojito/.config/discord/0.0.39/modules/pending/discord_voice-1.zip: 54%
2023-12-22T19:52:09.509Z [Modules] Streaming discord_voice@1 to /home/jojito/.config/discord/0.0.39/modules/pending/discord_voice-1.zip: 55%
2023-12-22T19:52:09.530Z [Modules] Streaming discord_voice@1 to /home/jojito/.config/discord/0.0.39/modules/pending/discord_voice-1.zip: 56%
2023-12-22T19:52:09.643Z [Modules] Streaming discord_voice@1 to /home/jojito/.config/discord/0.0.39/modules/pending/discord_voice-1.zip: 57%
2023-12-22T19:52:09.727Z [Modules] Streaming discord_voice@1 to /home/jojito/.config/discord/0.0.39/modules/pending/discord_voice-1.zip: 58%
2023-12-22T19:52:09.728Z [Modules] Streaming discord_voice@1 to /home/jojito/.config/discord/0.0.39/modules/pending/discord_voice-1.zip: 59%
2023-12-22T19:52:09.728Z [Modules] Streaming discord_voice@1 to /home/jojito/.config/discord/0.0.39/modules/pending/discord_voice-1.zip: 60%
2023-12-22T19:52:09.729Z [Modules] Streaming discord_voice@1 to /home/jojito/.config/discord/0.0.39/modules/pending/discord_voice-1.zip: 62%
2023-12-22T19:52:09.730Z [Modules] Streaming discord_voice@1 to /home/jojito/.config/discord/0.0.39/modules/pending/discord_voice-1.zip: 63%
2023-12-22T19:52:09.730Z [Modules] Streaming discord_voice@1 to /home/jojito/.config/discord/0.0.39/modules/pending/discord_voice-1.zip: 64%
2023-12-22T19:52:09.781Z [Modules] Streaming discord_voice@1 to /home/jojito/.config/discord/0.0.39/modules/pending/discord_voice-1.zip: 65%
2023-12-22T19:52:09.802Z [Modules] Streaming discord_voice@1 to /home/jojito/.config/discord/0.0.39/modules/pending/discord_voice-1.zip: 66%
2023-12-22T19:52:09.827Z [Modules] Streaming discord_voice@1 to /home/jojito/.config/discord/0.0.39/modules/pending/discord_voice-1.zip: 67%
2023-12-22T19:52:09.850Z [Modules] Streaming discord_voice@1 to /home/jojito/.config/discord/0.0.39/modules/pending/discord_voice-1.zip: 68%
2023-12-22T19:52:09.943Z [Modules] Streaming discord_voice@1 to /home/jojito/.config/discord/0.0.39/modules/pending/discord_voice-1.zip: 69%
2023-12-22T19:52:09.954Z [Modules] Streaming discord_voice@1 to /home/jojito/.config/discord/0.0.39/modules/pending/discord_voice-1.zip: 70%
2023-12-22T19:52:09.959Z [Modules] Streaming discord_voice@1 to /home/jojito/.config/discord/0.0.39/modules/pending/discord_voice-1.zip: 71%
2023-12-22T19:52:09.960Z [Modules] Streaming discord_voice@1 to /home/jojito/.config/discord/0.0.39/modules/pending/discord_voice-1.zip: 72%
2023-12-22T19:52:09.970Z [Modules] Streaming discord_voice@1 to /home/jojito/.config/discord/0.0.39/modules/pending/discord_voice-1.zip: 73%
2023-12-22T19:52:09.995Z [Modules] Streaming discord_voice@1 to /home/jojito/.config/discord/0.0.39/modules/pending/discord_voice-1.zip: 74%
2023-12-22T19:52:10.017Z [Modules] Streaming discord_voice@1 to /home/jojito/.config/discord/0.0.39/modules/pending/discord_voice-1.zip: 75%
2023-12-22T19:52:10.041Z [Modules] Streaming discord_voice@1 to /home/jojito/.config/discord/0.0.39/modules/pending/discord_voice-1.zip: 76%
2023-12-22T19:52:10.062Z [Modules] Streaming discord_voice@1 to /home/jojito/.config/discord/0.0.39/modules/pending/discord_voice-1.zip: 77%
2023-12-22T19:52:10.084Z [Modules] Streaming discord_voice@1 to /home/jojito/.config/discord/0.0.39/modules/pending/discord_voice-1.zip: 78%
2023-12-22T19:52:10.202Z [Modules] Streaming discord_voice@1 to /home/jojito/.config/discord/0.0.39/modules/pending/discord_voice-1.zip: 79%
2023-12-22T19:52:10.214Z [Modules] Streaming discord_voice@1 to /home/jojito/.config/discord/0.0.39/modules/pending/discord_voice-1.zip: 80%
2023-12-22T19:52:10.215Z [Modules] Streaming discord_voice@1 to /home/jojito/.config/discord/0.0.39/modules/pending/discord_voice-1.zip: 81%
2023-12-22T19:52:10.240Z [Modules] Streaming discord_voice@1 to /home/jojito/.config/discord/0.0.39/modules/pending/discord_voice-1.zip: 82%
2023-12-22T19:52:10.256Z [Modules] Streaming discord_voice@1 to /home/jojito/.config/discord/0.0.39/modules/pending/discord_voice-1.zip: 83%
2023-12-22T19:52:10.268Z [Modules] Streaming discord_voice@1 to /home/jojito/.config/discord/0.0.39/modules/pending/discord_voice-1.zip: 84%
2023-12-22T19:52:10.269Z [Modules] Streaming discord_voice@1 to /home/jojito/.config/discord/0.0.39/modules/pending/discord_voice-1.zip: 85%
2023-12-22T19:52:10.273Z [Modules] Streaming discord_voice@1 to /home/jojito/.config/discord/0.0.39/modules/pending/discord_voice-1.zip: 86%
2023-12-22T19:52:10.327Z [Modules] Streaming discord_voice@1 to /home/jojito/.config/discord/0.0.39/modules/pending/discord_voice-1.zip: 87%
2023-12-22T19:52:10.349Z [Modules] Streaming discord_voice@1 to /home/jojito/.config/discord/0.0.39/modules/pending/discord_voice-1.zip: 88%
2023-12-22T19:52:10.368Z [Modules] Streaming discord_voice@1 to /home/jojito/.config/discord/0.0.39/modules/pending/discord_voice-1.zip: 89%
2023-12-22T19:52:10.391Z [Modules] Streaming discord_voice@1 to /home/jojito/.config/discord/0.0.39/modules/pending/discord_voice-1.zip: 90%
2023-12-22T19:52:10.479Z [Modules] Streaming discord_voice@1 to /home/jojito/.config/discord/0.0.39/modules/pending/discord_voice-1.zip: 91%
2023-12-22T19:52:10.489Z [Modules] Streaming discord_voice@1 to /home/jojito/.config/discord/0.0.39/modules/pending/discord_voice-1.zip: 92%
2023-12-22T19:52:10.490Z [Modules] Streaming discord_voice@1 to /home/jojito/.config/discord/0.0.39/modules/pending/discord_voice-1.zip: 93%
2023-12-22T19:52:10.491Z [Modules] Streaming discord_voice@1 to /home/jojito/.config/discord/0.0.39/modules/pending/discord_voice-1.zip: 94%
2023-12-22T19:52:10.510Z [Modules] Streaming discord_voice@1 to /home/jojito/.config/discord/0.0.39/modules/pending/discord_voice-1.zip: 95%
2023-12-22T19:52:10.528Z [Modules] Streaming discord_voice@1 to /home/jojito/.config/discord/0.0.39/modules/pending/discord_voice-1.zip: 96%
2023-12-22T19:52:10.554Z [Modules] Streaming discord_voice@1 to /home/jojito/.config/discord/0.0.39/modules/pending/discord_voice-1.zip: 97%
2023-12-22T19:52:10.575Z [Modules] Streaming discord_voice@1 to /home/jojito/.config/discord/0.0.39/modules/pending/discord_voice-1.zip: 98%
2023-12-22T19:52:10.594Z [Modules] Streaming discord_voice@1 to /home/jojito/.config/discord/0.0.39/modules/pending/discord_voice-1.zip: 99%
2023-12-22T19:52:10.686Z [Modules] Streaming discord_voice@1 to /home/jojito/.config/discord/0.0.39/modules/pending/discord_voice-1.zip: 100%
2023-12-22T19:52:10.687Z [Modules] Finished module downloads. [success: 5] [failure: 0]
2023-12-22T19:52:10.687Z [Modules] Installing updates...
2023-12-22T19:52:10.687Z [Modules] Installing discord_desktop_core@1 from /home/jojito/.config/discord/0.0.39/modules/pending/discord_desktop_core-1.zip
2023-12-22T19:52:10.744Z [Modules] Installing discord_erlpack@1 from /home/jojito/.config/discord/0.0.39/modules/pending/discord_erlpack-1.zip
2023-12-22T19:52:10.773Z [Modules] Installing discord_spellcheck@1 from /home/jojito/.config/discord/0.0.39/modules/pending/discord_spellcheck-1.zip
2023-12-22T19:52:11.222Z [Modules] Installing discord_utils@1 from /home/jojito/.config/discord/0.0.39/modules/pending/discord_utils-1.zip
2023-12-22T19:52:11.298Z [Modules] Installing discord_voice@1 from /home/jojito/.config/discord/0.0.39/modules/pending/discord_voice-1.zip
2023-12-22T19:52:11.746Z [Modules] Finished module installations. [success: 5] [failure: 0]
2023-12-22T19:52:11.746Z [Modules] Host is up to date.
2023-12-22T19:52:11.746Z [Modules] Checking for module updates at https://discord.com/api/modules/stable/versions.json
2023-12-22T19:52:11.749Z [Modules] No module updates available.
2023-12-22T19:52:12.850Z [Modules] Starting to install discord_krisp...
2023-12-22T19:52:12.850Z [Modules] Fetching discord_krisp@1 from https://discord.com/api/modules/stable/discord_krisp/1
2023-12-22T19:52:12.850Z [Modules] Streaming discord_krisp@1 to /home/jojito/.config/discord/0.0.39/modules/pending/discord_krisp-1.zip
2023-12-22T19:52:12.857Z [Modules] Starting to install discord_game_utils...
2023-12-22T19:52:13.083Z [Modules] Streaming discord_krisp@1 to /home/jojito/.config/discord/0.0.39/modules/pending/discord_krisp-1.zip: 1%
2023-12-22T19:52:13.108Z [Modules] Streaming discord_krisp@1 to /home/jojito/.config/discord/0.0.39/modules/pending/discord_krisp-1.zip: 2%
2023-12-22T19:52:13.127Z [Modules] Streaming discord_krisp@1 to /home/jojito/.config/discord/0.0.39/modules/pending/discord_krisp-1.zip: 3%
2023-12-22T19:52:13.143Z [Modules] Streaming discord_krisp@1 to /home/jojito/.config/discord/0.0.39/modules/pending/discord_krisp-1.zip: 4%
2023-12-22T19:52:13.290Z [Modules] Streaming discord_krisp@1 to /home/jojito/.config/discord/0.0.39/modules/pending/discord_krisp-1.zip: 5%
2023-12-22T19:52:13.303Z [Modules] Streaming discord_krisp@1 to /home/jojito/.config/discord/0.0.39/modules/pending/discord_krisp-1.zip: 6%
2023-12-22T19:52:13.306Z [Modules] Streaming discord_krisp@1 to /home/jojito/.config/discord/0.0.39/modules/pending/discord_krisp-1.zip: 7%
2023-12-22T19:52:13.315Z [Modules] Streaming discord_krisp@1 to /home/jojito/.config/discord/0.0.39/modules/pending/discord_krisp-1.zip: 8%
2023-12-22T19:52:13.419Z [Modules] Streaming discord_krisp@1 to /home/jojito/.config/discord/0.0.39/modules/pending/discord_krisp-1.zip: 9%
2023-12-22T19:52:13.446Z [Modules] Streaming discord_krisp@1 to /home/jojito/.config/discord/0.0.39/modules/pending/discord_krisp-1.zip: 10%
2023-12-22T19:52:13.534Z [Modules] Streaming discord_krisp@1 to /home/jojito/.config/discord/0.0.39/modules/pending/discord_krisp-1.zip: 11%
2023-12-22T19:52:13.575Z [Modules] Streaming discord_krisp@1 to /home/jojito/.config/discord/0.0.39/modules/pending/discord_krisp-1.zip: 12%
2023-12-22T19:52:13.592Z [Modules] Streaming discord_krisp@1 to /home/jojito/.config/discord/0.0.39/modules/pending/discord_krisp-1.zip: 13%
2023-12-22T19:52:13.607Z [Modules] Streaming discord_krisp@1 to /home/jojito/.config/discord/0.0.39/modules/pending/discord_krisp-1.zip: 14%
2023-12-22T19:52:13.620Z [Modules] Streaming discord_krisp@1 to /home/jojito/.config/discord/0.0.39/modules/pending/discord_krisp-1.zip: 15%
2023-12-22T19:52:13.623Z [Modules] Streaming discord_krisp@1 to /home/jojito/.config/discord/0.0.39/modules/pending/discord_krisp-1.zip: 16%
2023-12-22T19:52:13.650Z [Modules] Streaming discord_krisp@1 to /home/jojito/.config/discord/0.0.39/modules/pending/discord_krisp-1.zip: 17%
2023-12-22T19:52:13.674Z [Modules] Streaming discord_krisp@1 to /home/jojito/.config/discord/0.0.39/modules/pending/discord_krisp-1.zip: 18%
2023-12-22T19:52:13.699Z [Modules] Streaming discord_krisp@1 to /home/jojito/.config/discord/0.0.39/modules/pending/discord_krisp-1.zip: 19%
2023-12-22T19:52:13.715Z [Modules] Streaming discord_krisp@1 to /home/jojito/.config/discord/0.0.39/modules/pending/discord_krisp-1.zip: 20%
2023-12-22T19:52:13.722Z [Modules] Host is up to date.
2023-12-22T19:52:13.722Z [Modules] Checking for module updates at https://discord.com/api/modules/stable/versions.json
2023-12-22T19:52:13.724Z [Modules] No module updates available.
2023-12-22T19:52:13.737Z [Modules] Streaming discord_krisp@1 to /home/jojito/.config/discord/0.0.39/modules/pending/discord_krisp-1.zip: 21%
2023-12-22T19:52:13.785Z [Modules] Starting to install discord_rpc...
2023-12-22T19:52:13.841Z [Modules] Streaming discord_krisp@1 to /home/jojito/.config/discord/0.0.39/modules/pending/discord_krisp-1.zip: 22%
2023-12-22T19:52:13.862Z [Modules] Streaming discord_krisp@1 to /home/jojito/.config/discord/0.0.39/modules/pending/discord_krisp-1.zip: 23%
2023-12-22T19:52:13.911Z [Modules] Streaming discord_krisp@1 to /home/jojito/.config/discord/0.0.39/modules/pending/discord_krisp-1.zip: 24%
2023-12-22T19:52:13.913Z [Modules] Streaming discord_krisp@1 to /home/jojito/.config/discord/0.0.39/modules/pending/discord_krisp-1.zip: 25%
2023-12-22T19:52:13.914Z [Modules] Streaming discord_krisp@1 to /home/jojito/.config/discord/0.0.39/modules/pending/discord_krisp-1.zip: 26%
2023-12-22T19:52:13.916Z [Modules] Streaming discord_krisp@1 to /home/jojito/.config/discord/0.0.39/modules/pending/discord_krisp-1.zip: 27%
2023-12-22T19:52:13.942Z [Modules] Streaming discord_krisp@1 to /home/jojito/.config/discord/0.0.39/modules/pending/discord_krisp-1.zip: 28%
2023-12-22T19:52:13.963Z [Modules] Streaming discord_krisp@1 to /home/jojito/.config/discord/0.0.39/modules/pending/discord_krisp-1.zip: 29%
2023-12-22T19:52:14.003Z [Modules] Streaming discord_krisp@1 to /home/jojito/.config/discord/0.0.39/modules/pending/discord_krisp-1.zip: 30%
2023-12-22T19:52:14.095Z [Modules] Streaming discord_krisp@1 to /home/jojito/.config/discord/0.0.39/modules/pending/discord_krisp-1.zip: 31%
2023-12-22T19:52:14.118Z [Modules] Streaming discord_krisp@1 to /home/jojito/.config/discord/0.0.39/modules/pending/discord_krisp-1.zip: 32%
2023-12-22T19:52:14.137Z [Modules] Streaming discord_krisp@1 to /home/jojito/.config/discord/0.0.39/modules/pending/discord_krisp-1.zip: 33%
2023-12-22T19:52:14.154Z [Modules] Streaming discord_krisp@1 to /home/jojito/.config/discord/0.0.39/modules/pending/discord_krisp-1.zip: 34%
2023-12-22T19:52:14.155Z [Modules] Streaming discord_krisp@1 to /home/jojito/.config/discord/0.0.39/modules/pending/discord_krisp-1.zip: 35%
2023-12-22T19:52:14.156Z [Modules] Streaming discord_krisp@1 to /home/jojito/.config/discord/0.0.39/modules/pending/discord_krisp-1.zip: 36%
2023-12-22T19:52:14.166Z [Modules] Streaming discord_krisp@1 to /home/jojito/.config/discord/0.0.39/modules/pending/discord_krisp-1.zip: 37%
2023-12-22T19:52:14.185Z [Modules] Streaming discord_krisp@1 to /home/jojito/.config/discord/0.0.39/modules/pending/discord_krisp-1.zip: 38%
2023-12-22T19:52:14.207Z [Modules] Streaming discord_krisp@1 to /home/jojito/.config/discord/0.0.39/modules/pending/discord_krisp-1.zip: 39%
2023-12-22T19:52:14.229Z [Modules] Streaming discord_krisp@1 to /home/jojito/.config/discord/0.0.39/modules/pending/discord_krisp-1.zip: 40%
2023-12-22T19:52:14.253Z [Modules] Streaming discord_krisp@1 to /home/jojito/.config/discord/0.0.39/modules/pending/discord_krisp-1.zip: 41%
2023-12-22T19:52:14.352Z [Modules] Streaming discord_krisp@1 to /home/jojito/.config/discord/0.0.39/modules/pending/discord_krisp-1.zip: 42%
2023-12-22T19:52:14.368Z [Modules] Streaming discord_krisp@1 to /home/jojito/.config/discord/0.0.39/modules/pending/discord_krisp-1.zip: 43%
2023-12-22T19:52:14.376Z [Modules] Streaming discord_krisp@1 to /home/jojito/.config/discord/0.0.39/modules/pending/discord_krisp-1.zip: 44%
2023-12-22T19:52:14.385Z [Modules] Streaming discord_krisp@1 to /home/jojito/.config/discord/0.0.39/modules/pending/discord_krisp-1.zip: 45%
2023-12-22T19:52:14.386Z [Modules] Streaming discord_krisp@1 to /home/jojito/.config/discord/0.0.39/modules/pending/discord_krisp-1.zip: 46%
2023-12-22T19:52:14.392Z [Modules] Streaming discord_krisp@1 to /home/jojito/.config/discord/0.0.39/modules/pending/discord_krisp-1.zip: 47%
2023-12-22T19:52:14.415Z [Modules] Streaming discord_krisp@1 to /home/jojito/.config/discord/0.0.39/modules/pending/discord_krisp-1.zip: 48%
2023-12-22T19:52:14.435Z [Modules] Streaming discord_krisp@1 to /home/jojito/.config/discord/0.0.39/modules/pending/discord_krisp-1.zip: 49%
2023-12-22T19:52:14.459Z [Modules] Streaming discord_krisp@1 to /home/jojito/.config/discord/0.0.39/modules/pending/discord_krisp-1.zip: 50%
2023-12-22T19:52:14.478Z [Modules] Streaming discord_krisp@1 to /home/jojito/.config/discord/0.0.39/modules/pending/discord_krisp-1.zip: 51%
2023-12-22T19:52:14.504Z [Modules] Streaming discord_krisp@1 to /home/jojito/.config/discord/0.0.39/modules/pending/discord_krisp-1.zip: 52%
2023-12-22T19:52:14.524Z [Modules] Streaming discord_krisp@1 to /home/jojito/.config/discord/0.0.39/modules/pending/discord_krisp-1.zip: 53%
2023-12-22T19:52:14.543Z [Modules] Streaming discord_krisp@1 to /home/jojito/.config/discord/0.0.39/modules/pending/discord_krisp-1.zip: 54%
2023-12-22T19:52:14.656Z [Modules] Streaming discord_krisp@1 to /home/jojito/.config/discord/0.0.39/modules/pending/discord_krisp-1.zip: 55%
2023-12-22T19:52:14.676Z [Modules] Streaming discord_krisp@1 to /home/jojito/.config/discord/0.0.39/modules/pending/discord_krisp-1.zip: 56%
2023-12-22T19:52:14.687Z [Modules] Streaming discord_krisp@1 to /home/jojito/.config/discord/0.0.39/modules/pending/discord_krisp-1.zip: 57%
2023-12-22T19:52:14.689Z [Modules] Streaming discord_krisp@1 to /home/jojito/.config/discord/0.0.39/modules/pending/discord_krisp-1.zip: 58%
2023-12-22T19:52:14.689Z [Modules] Streaming discord_krisp@1 to /home/jojito/.config/discord/0.0.39/modules/pending/discord_krisp-1.zip: 59%
2023-12-22T19:52:14.689Z [Modules] Streaming discord_krisp@1 to /home/jojito/.config/discord/0.0.39/modules/pending/discord_krisp-1.zip: 60%
2023-12-22T19:52:14.694Z [Modules] Streaming discord_krisp@1 to /home/jojito/.config/discord/0.0.39/modules/pending/discord_krisp-1.zip: 61%
2023-12-22T19:52:14.719Z [Modules] Streaming discord_krisp@1 to /home/jojito/.config/discord/0.0.39/modules/pending/discord_krisp-1.zip: 62%
2023-12-22T19:52:14.740Z [Modules] Streaming discord_krisp@1 to /home/jojito/.config/discord/0.0.39/modules/pending/discord_krisp-1.zip: 63%
2023-12-22T19:52:14.762Z [Modules] Streaming discord_krisp@1 to /home/jojito/.config/discord/0.0.39/modules/pending/discord_krisp-1.zip: 64%
2023-12-22T19:52:14.784Z [Modules] Streaming discord_krisp@1 to /home/jojito/.config/discord/0.0.39/modules/pending/discord_krisp-1.zip: 65%
2023-12-22T19:52:14.802Z [Modules] Streaming discord_krisp@1 to /home/jojito/.config/discord/0.0.39/modules/pending/discord_krisp-1.zip: 66%
2023-12-22T19:52:14.911Z [Modules] Streaming discord_krisp@1 to /home/jojito/.config/discord/0.0.39/modules/pending/discord_krisp-1.zip: 67%
2023-12-22T19:52:14.929Z [Modules] Streaming discord_krisp@1 to /home/jojito/.config/discord/0.0.39/modules/pending/discord_krisp-1.zip: 68%
2023-12-22T19:52:14.932Z [Modules] Streaming discord_krisp@1 to /home/jojito/.config/discord/0.0.39/modules/pending/discord_krisp-1.zip: 69%
2023-12-22T19:52:14.932Z [Modules] Streaming discord_krisp@1 to /home/jojito/.config/discord/0.0.39/modules/pending/discord_krisp-1.zip: 70%
2023-12-22T19:52:14.933Z [Modules] Streaming discord_krisp@1 to /home/jojito/.config/discord/0.0.39/modules/pending/discord_krisp-1.zip: 71%
2023-12-22T19:52:14.933Z [Modules] Streaming discord_krisp@1 to /home/jojito/.config/discord/0.0.39/modules/pending/discord_krisp-1.zip: 72%
2023-12-22T19:52:14.953Z [Modules] Streaming discord_krisp@1 to /home/jojito/.config/discord/0.0.39/modules/pending/discord_krisp-1.zip: 73%
2023-12-22T19:52:14.973Z [Modules] Streaming discord_krisp@1 to /home/jojito/.config/discord/0.0.39/modules/pending/discord_krisp-1.zip: 74%
2023-12-22T19:52:14.999Z [Modules] Streaming discord_krisp@1 to /home/jojito/.config/discord/0.0.39/modules/pending/discord_krisp-1.zip: 75%
2023-12-22T19:52:15.018Z [Modules] Streaming discord_krisp@1 to /home/jojito/.config/discord/0.0.39/modules/pending/discord_krisp-1.zip: 76%
2023-12-22T19:52:15.037Z [Modules] Streaming discord_krisp@1 to /home/jojito/.config/discord/0.0.39/modules/pending/discord_krisp-1.zip: 77%
2023-12-22T19:52:15.154Z [Modules] Streaming discord_krisp@1 to /home/jojito/.config/discord/0.0.39/modules/pending/discord_krisp-1.zip: 78%
2023-12-22T19:52:15.161Z [Modules] Streaming discord_krisp@1 to /home/jojito/.config/discord/0.0.39/modules/pending/discord_krisp-1.zip: 79%
2023-12-22T19:52:15.165Z [Modules] Streaming discord_krisp@1 to /home/jojito/.config/discord/0.0.39/modules/pending/discord_krisp-1.zip: 80%
2023-12-22T19:52:15.196Z [Modules] Streaming discord_krisp@1 to /home/jojito/.config/discord/0.0.39/modules/pending/discord_krisp-1.zip: 81%
2023-12-22T19:52:15.204Z [Modules] Streaming discord_krisp@1 to /home/jojito/.config/discord/0.0.39/modules/pending/discord_krisp-1.zip: 82%
2023-12-22T19:52:15.204Z [Modules] Streaming discord_krisp@1 to /home/jojito/.config/discord/0.0.39/modules/pending/discord_krisp-1.zip: 83%
2023-12-22T19:52:15.230Z [Modules] Streaming discord_krisp@1 to /home/jojito/.config/discord/0.0.39/modules/pending/discord_krisp-1.zip: 84%
2023-12-22T19:52:15.231Z [Modules] Streaming discord_krisp@1 to /home/jojito/.config/discord/0.0.39/modules/pending/discord_krisp-1.zip: 85%
2023-12-22T19:52:15.231Z [Modules] Streaming discord_krisp@1 to /home/jojito/.config/discord/0.0.39/modules/pending/discord_krisp-1.zip: 86%
2023-12-22T19:52:15.492Z [Modules] Streaming discord_krisp@1 to /home/jojito/.config/discord/0.0.39/modules/pending/discord_krisp-1.zip: 87%
2023-12-22T19:52:15.511Z [Modules] Streaming discord_krisp@1 to /home/jojito/.config/discord/0.0.39/modules/pending/discord_krisp-1.zip: 88%
2023-12-22T19:52:15.531Z [Modules] Streaming discord_krisp@1 to /home/jojito/.config/discord/0.0.39/modules/pending/discord_krisp-1.zip: 89%
2023-12-22T19:52:15.553Z [Modules] Streaming discord_krisp@1 to /home/jojito/.config/discord/0.0.39/modules/pending/discord_krisp-1.zip: 90%
2023-12-22T19:52:15.574Z [Modules] Streaming discord_krisp@1 to /home/jojito/.config/discord/0.0.39/modules/pending/discord_krisp-1.zip: 91%
2023-12-22T19:52:15.685Z [Modules] Streaming discord_krisp@1 to /home/jojito/.config/discord/0.0.39/modules/pending/discord_krisp-1.zip: 92%
2023-12-22T19:52:15.693Z [Modules] Streaming discord_krisp@1 to /home/jojito/.config/discord/0.0.39/modules/pending/discord_krisp-1.zip: 93%
2023-12-22T19:52:15.709Z [Modules] Streaming discord_krisp@1 to /home/jojito/.config/discord/0.0.39/modules/pending/discord_krisp-1.zip: 94%
2023-12-22T19:52:15.713Z [Modules] Streaming discord_krisp@1 to /home/jojito/.config/discord/0.0.39/modules/pending/discord_krisp-1.zip: 95%
2023-12-22T19:52:15.718Z [Modules] Streaming discord_krisp@1 to /home/jojito/.config/discord/0.0.39/modules/pending/discord_krisp-1.zip: 96%
2023-12-22T19:52:15.719Z [Modules] Streaming discord_krisp@1 to /home/jojito/.config/discord/0.0.39/modules/pending/discord_krisp-1.zip: 97%
2023-12-22T19:52:15.733Z [Modules] Streaming discord_krisp@1 to /home/jojito/.config/discord/0.0.39/modules/pending/discord_krisp-1.zip: 98%
2023-12-22T19:52:15.757Z [Modules] Streaming discord_krisp@1 to /home/jojito/.config/discord/0.0.39/modules/pending/discord_krisp-1.zip: 99%
2023-12-22T19:52:15.771Z [Modules] Streaming discord_krisp@1 to /home/jojito/.config/discord/0.0.39/modules/pending/discord_krisp-1.zip: 100%
2023-12-22T19:52:15.772Z [Modules] Fetching discord_game_utils@1 from https://discord.com/api/modules/stable/discord_game_utils/1
2023-12-22T19:52:15.772Z [Modules] Streaming discord_game_utils@1 to /home/jojito/.config/discord/0.0.39/modules/pending/discord_game_utils-1.zip
2023-12-22T19:52:15.772Z [Modules] Installing discord_krisp@1 from /home/jojito/.config/discord/0.0.39/modules/pending/discord_krisp-1.zip
2023-12-22T19:52:15.996Z [Modules] Streaming discord_game_utils@1 to /home/jojito/.config/discord/0.0.39/modules/pending/discord_game_utils-1.zip: 1%
2023-12-22T19:52:16.003Z [Modules] Streaming discord_game_utils@1 to /home/jojito/.config/discord/0.0.39/modules/pending/discord_game_utils-1.zip: 3%
2023-12-22T19:52:16.005Z [Modules] Streaming discord_game_utils@1 to /home/jojito/.config/discord/0.0.39/modules/pending/discord_game_utils-1.zip: 4%
2023-12-22T19:52:16.007Z [Modules] Streaming discord_game_utils@1 to /home/jojito/.config/discord/0.0.39/modules/pending/discord_game_utils-1.zip: 5%
2023-12-22T19:52:16.009Z [Modules] Streaming discord_game_utils@1 to /home/jojito/.config/discord/0.0.39/modules/pending/discord_game_utils-1.zip: 7%
2023-12-22T19:52:16.011Z [Modules] Streaming discord_game_utils@1 to /home/jojito/.config/discord/0.0.39/modules/pending/discord_game_utils-1.zip: 8%
2023-12-22T19:52:16.014Z [Modules] Streaming discord_game_utils@1 to /home/jojito/.config/discord/0.0.39/modules/pending/discord_game_utils-1.zip: 9%
2023-12-22T19:52:16.015Z [Modules] Streaming discord_game_utils@1 to /home/jojito/.config/discord/0.0.39/modules/pending/discord_game_utils-1.zip: 10%
2023-12-22T19:52:16.018Z [Modules] Streaming discord_game_utils@1 to /home/jojito/.config/discord/0.0.39/modules/pending/discord_game_utils-1.zip: 11%
2023-12-22T19:52:16.020Z [Modules] Streaming discord_game_utils@1 to /home/jojito/.config/discord/0.0.39/modules/pending/discord_game_utils-1.zip: 12%
2023-12-22T19:52:16.023Z [Modules] Streaming discord_game_utils@1 to /home/jojito/.config/discord/0.0.39/modules/pending/discord_game_utils-1.zip: 14%
2023-12-22T19:52:16.026Z [Modules] Streaming discord_game_utils@1 to /home/jojito/.config/discord/0.0.39/modules/pending/discord_game_utils-1.zip: 15%
2023-12-22T19:52:16.028Z [Modules] Streaming discord_game_utils@1 to /home/jojito/.config/discord/0.0.39/modules/pending/discord_game_utils-1.zip: 16%
2023-12-22T19:52:16.030Z [Modules] Streaming discord_game_utils@1 to /home/jojito/.config/discord/0.0.39/modules/pending/discord_game_utils-1.zip: 17%
2023-12-22T19:52:16.035Z [Modules] Streaming discord_game_utils@1 to /home/jojito/.config/discord/0.0.39/modules/pending/discord_game_utils-1.zip: 18%
2023-12-22T19:52:16.036Z [Modules] Streaming discord_game_utils@1 to /home/jojito/.config/discord/0.0.39/modules/pending/discord_game_utils-1.zip: 19%
2023-12-22T19:52:16.041Z [Modules] Streaming discord_game_utils@1 to /home/jojito/.config/discord/0.0.39/modules/pending/discord_game_utils-1.zip: 20%
2023-12-22T19:52:16.043Z [Modules] Streaming discord_game_utils@1 to /home/jojito/.config/discord/0.0.39/modules/pending/discord_game_utils-1.zip: 21%
2023-12-22T19:52:16.045Z [Modules] Finished module installations. [success: 1] [failure: 0]
2023-12-22T19:52:16.046Z [Modules] Streaming discord_game_utils@1 to /home/jojito/.config/discord/0.0.39/modules/pending/discord_game_utils-1.zip: 22%
2023-12-22T19:52:16.048Z [Modules] Streaming discord_game_utils@1 to /home/jojito/.config/discord/0.0.39/modules/pending/discord_game_utils-1.zip: 23%
2023-12-22T19:52:16.051Z [Modules] Streaming discord_game_utils@1 to /home/jojito/.config/discord/0.0.39/modules/pending/discord_game_utils-1.zip: 25%
2023-12-22T19:52:16.053Z [Modules] Streaming discord_game_utils@1 to /home/jojito/.config/discord/0.0.39/modules/pending/discord_game_utils-1.zip: 26%
2023-12-22T19:52:16.054Z [Modules] Streaming discord_game_utils@1 to /home/jojito/.config/discord/0.0.39/modules/pending/discord_game_utils-1.zip: 27%
2023-12-22T19:52:16.057Z [Modules] Streaming discord_game_utils@1 to /home/jojito/.config/discord/0.0.39/modules/pending/discord_game_utils-1.zip: 28%
2023-12-22T19:52:16.060Z [Modules] Streaming discord_game_utils@1 to /home/jojito/.config/discord/0.0.39/modules/pending/discord_game_utils-1.zip: 29%
2023-12-22T19:52:16.063Z [Modules] Streaming discord_game_utils@1 to /home/jojito/.config/discord/0.0.39/modules/pending/discord_game_utils-1.zip: 31%
2023-12-22T19:52:16.069Z [Modules] Streaming discord_game_utils@1 to /home/jojito/.config/discord/0.0.39/modules/pending/discord_game_utils-1.zip: 34%
2023-12-22T19:52:16.074Z [Modules] Streaming discord_game_utils@1 to /home/jojito/.config/discord/0.0.39/modules/pending/discord_game_utils-1.zip: 37%
2023-12-22T19:52:16.078Z [Modules] Streaming discord_game_utils@1 to /home/jojito/.config/discord/0.0.39/modules/pending/discord_game_utils-1.zip: 38%
2023-12-22T19:52:16.150Z [Modules] Streaming discord_game_utils@1 to /home/jojito/.config/discord/0.0.39/modules/pending/discord_game_utils-1.zip: 40%
2023-12-22T19:52:16.153Z [Modules] Streaming discord_game_utils@1 to /home/jojito/.config/discord/0.0.39/modules/pending/discord_game_utils-1.zip: 42%
2023-12-22T19:52:16.155Z [Modules] Streaming discord_game_utils@1 to /home/jojito/.config/discord/0.0.39/modules/pending/discord_game_utils-1.zip: 44%
2023-12-22T19:52:16.158Z [Modules] Streaming discord_game_utils@1 to /home/jojito/.config/discord/0.0.39/modules/pending/discord_game_utils-1.zip: 46%
2023-12-22T19:52:16.160Z [Modules] Streaming discord_game_utils@1 to /home/jojito/.config/discord/0.0.39/modules/pending/discord_game_utils-1.zip: 47%
2023-12-22T19:52:16.161Z [Modules] Streaming discord_game_utils@1 to /home/jojito/.config/discord/0.0.39/modules/pending/discord_game_utils-1.zip: 48%
2023-12-22T19:52:16.162Z [Modules] Streaming discord_game_utils@1 to /home/jojito/.config/discord/0.0.39/modules/pending/discord_game_utils-1.zip: 49%
2023-12-22T19:52:16.165Z [Modules] Streaming discord_game_utils@1 to /home/jojito/.config/discord/0.0.39/modules/pending/discord_game_utils-1.zip: 51%
2023-12-22T19:52:16.168Z [Modules] Streaming discord_game_utils@1 to /home/jojito/.config/discord/0.0.39/modules/pending/discord_game_utils-1.zip: 53%
2023-12-22T19:52:16.170Z [Modules] Streaming discord_game_utils@1 to /home/jojito/.config/discord/0.0.39/modules/pending/discord_game_utils-1.zip: 54%
2023-12-22T19:52:16.172Z [Modules] Streaming discord_game_utils@1 to /home/jojito/.config/discord/0.0.39/modules/pending/discord_game_utils-1.zip: 55%
2023-12-22T19:52:16.172Z [Modules] Streaming discord_game_utils@1 to /home/jojito/.config/discord/0.0.39/modules/pending/discord_game_utils-1.zip: 57%
2023-12-22T19:52:16.173Z [Modules] Streaming discord_game_utils@1 to /home/jojito/.config/discord/0.0.39/modules/pending/discord_game_utils-1.zip: 58%
2023-12-22T19:52:16.173Z [Modules] Streaming discord_game_utils@1 to /home/jojito/.config/discord/0.0.39/modules/pending/discord_game_utils-1.zip: 60%
2023-12-22T19:52:16.173Z [Modules] Streaming discord_game_utils@1 to /home/jojito/.config/discord/0.0.39/modules/pending/discord_game_utils-1.zip: 66%
2023-12-22T19:52:16.173Z [Modules] Streaming discord_game_utils@1 to /home/jojito/.config/discord/0.0.39/modules/pending/discord_game_utils-1.zip: 68%
2023-12-22T19:52:16.173Z [Modules] Streaming discord_game_utils@1 to /home/jojito/.config/discord/0.0.39/modules/pending/discord_game_utils-1.zip: 71%
2023-12-22T19:52:16.174Z [Modules] Streaming discord_game_utils@1 to /home/jojito/.config/discord/0.0.39/modules/pending/discord_game_utils-1.zip: 76%
2023-12-22T19:52:16.174Z [Modules] Streaming discord_game_utils@1 to /home/jojito/.config/discord/0.0.39/modules/pending/discord_game_utils-1.zip: 77%
2023-12-22T19:52:16.176Z [Modules] Streaming discord_game_utils@1 to /home/jojito/.config/discord/0.0.39/modules/pending/discord_game_utils-1.zip: 78%
2023-12-22T19:52:16.177Z [Modules] Streaming discord_game_utils@1 to /home/jojito/.config/discord/0.0.39/modules/pending/discord_game_utils-1.zip: 79%
2023-12-22T19:52:16.180Z [Modules] Streaming discord_game_utils@1 to /home/jojito/.config/discord/0.0.39/modules/pending/discord_game_utils-1.zip: 80%
2023-12-22T19:52:16.181Z [Modules] Streaming discord_game_utils@1 to /home/jojito/.config/discord/0.0.39/modules/pending/discord_game_utils-1.zip: 81%
2023-12-22T19:52:16.183Z [Modules] Streaming discord_game_utils@1 to /home/jojito/.config/discord/0.0.39/modules/pending/discord_game_utils-1.zip: 82%
2023-12-22T19:52:16.185Z [Modules] Streaming discord_game_utils@1 to /home/jojito/.config/discord/0.0.39/modules/pending/discord_game_utils-1.zip: 83%
2023-12-22T19:52:16.189Z [Modules] Streaming discord_game_utils@1 to /home/jojito/.config/discord/0.0.39/modules/pending/discord_game_utils-1.zip: 84%
2023-12-22T19:52:16.192Z [Modules] Streaming discord_game_utils@1 to /home/jojito/.config/discord/0.0.39/modules/pending/discord_game_utils-1.zip: 85%
2023-12-22T19:52:16.197Z [Modules] Streaming discord_game_utils@1 to /home/jojito/.config/discord/0.0.39/modules/pending/discord_game_utils-1.zip: 86%
2023-12-22T19:52:16.200Z [Modules] Streaming discord_game_utils@1 to /home/jojito/.config/discord/0.0.39/modules/pending/discord_game_utils-1.zip: 87%
2023-12-22T19:52:16.204Z [Modules] Streaming discord_game_utils@1 to /home/jojito/.config/discord/0.0.39/modules/pending/discord_game_utils-1.zip: 89%
2023-12-22T19:52:16.206Z [Modules] Streaming discord_game_utils@1 to /home/jojito/.config/discord/0.0.39/modules/pending/discord_game_utils-1.zip: 90%
2023-12-22T19:52:16.208Z [Modules] Streaming discord_game_utils@1 to /home/jojito/.config/discord/0.0.39/modules/pending/discord_game_utils-1.zip: 91%
2023-12-22T19:52:16.211Z [Modules] Streaming discord_game_utils@1 to /home/jojito/.config/discord/0.0.39/modules/pending/discord_game_utils-1.zip: 92%
2023-12-22T19:52:16.213Z [Modules] Streaming discord_game_utils@1 to /home/jojito/.config/discord/0.0.39/modules/pending/discord_game_utils-1.zip: 93%
2023-12-22T19:52:16.215Z [Modules] Streaming discord_game_utils@1 to /home/jojito/.config/discord/0.0.39/modules/pending/discord_game_utils-1.zip: 94%
2023-12-22T19:52:16.217Z [Modules] Streaming discord_game_utils@1 to /home/jojito/.config/discord/0.0.39/modules/pending/discord_game_utils-1.zip: 95%
2023-12-22T19:52:16.221Z [Modules] Streaming discord_game_utils@1 to /home/jojito/.config/discord/0.0.39/modules/pending/discord_game_utils-1.zip: 96%
2023-12-22T19:52:16.224Z [Modules] Streaming discord_game_utils@1 to /home/jojito/.config/discord/0.0.39/modules/pending/discord_game_utils-1.zip: 97%
2023-12-22T19:52:16.226Z [Modules] Streaming discord_game_utils@1 to /home/jojito/.config/discord/0.0.39/modules/pending/discord_game_utils-1.zip: 99%
2023-12-22T19:52:16.226Z [Modules] Streaming discord_game_utils@1 to /home/jojito/.config/discord/0.0.39/modules/pending/discord_game_utils-1.zip: 100%
2023-12-22T19:52:16.227Z [Modules] Fetching discord_rpc@1 from https://discord.com/api/modules/stable/discord_rpc/1
2023-12-22T19:52:16.227Z [Modules] Streaming discord_rpc@1 to /home/jojito/.config/discord/0.0.39/modules/pending/discord_rpc-1.zip
2023-12-22T19:52:16.227Z [Modules] Installing discord_game_utils@1 from /home/jojito/.config/discord/0.0.39/modules/pending/discord_game_utils-1.zip
2023-12-22T19:52:16.261Z [Modules] Finished module installations. [success: 1] [failure: 0]
2023-12-22T19:52:16.447Z [Modules] Streaming discord_rpc@1 to /home/jojito/.config/discord/0.0.39/modules/pending/discord_rpc-1.zip: 100%
2023-12-22T19:52:16.448Z [Modules] Finished module downloads. [success: 3] [failure: 0]
2023-12-22T19:52:16.448Z [Modules] Installing discord_rpc@1 from /home/jojito/.config/discord/0.0.39/modules/pending/discord_rpc-1.zip
2023-12-22T19:52:16.471Z [Modules] Finished module installations. [success: 1] [failure: 0]
2023-12-22T19:55:35.147Z [Modules] Modules initializing
2023-12-22T19:55:35.147Z [Modules] Distribution: remote
2023-12-22T19:55:35.147Z [Modules] Host updates: disabled
2023-12-22T19:55:35.147Z [Modules] Module updates: enabled
2023-12-22T19:55:35.147Z [Modules] Module install path: /home/jojito/.config/discord/0.0.39/modules
2023-12-22T19:55:35.147Z [Modules] Module installed file path: /home/jojito/.config/discord/0.0.39/modules/installed.json
2023-12-22T19:55:35.147Z [Modules] Module download path: /home/jojito/.config/discord/0.0.39/modules/pending
2023-12-22T19:55:37.357Z [Modules] No updates to install
2023-12-22T19:55:37.358Z [Modules] Host is up to date.
2023-12-22T19:55:37.358Z [Modules] Checking for module updates at https://discord.com/api/modules/stable/versions.json
2023-12-22T19:55:37.427Z [Modules] No module updates available.
2023-12-22T19:55:39.616Z [Modules] Host is up to date.
2023-12-22T19:55:39.616Z [Modules] Checking for module updates at https://discord.com/api/modules/stable/versions.json
2023-12-22T19:55:39.619Z [Modules] No module updates available.
2023-12-22T19:55:40.448Z [Modules] Host is up to date.
2023-12-22T19:55:40.448Z [Modules] Checking for module updates at https://discord.com/api/modules/stable/versions.json
2023-12-22T19:55:40.450Z [Modules] No module updates available.
2023-12-22T20:49:31.296Z [Modules] Modules initializing
2023-12-22T20:49:31.296Z [Modules] Distribution: remote
2023-12-22T20:49:31.296Z [Modules] Host updates: disabled
2023-12-22T20:49:31.296Z [Modules] Module updates: enabled
2023-12-22T20:49:31.296Z [Modules] Module install path: /home/jojito/.config/discord/0.0.39/modules
2023-12-22T20:49:31.296Z [Modules] Module installed file path: /home/jojito/.config/discord/0.0.39/modules/installed.json
2023-12-22T20:49:31.296Z [Modules] Module download path: /home/jojito/.config/discord/0.0.39/modules/pending
2023-12-22T20:49:33.570Z [Modules] No updates to install
2023-12-22T20:49:33.571Z [Modules] Host is up to date.
2023-12-22T20:49:33.571Z [Modules] Checking for module updates at https://discord.com/api/modules/stable/versions.json
2023-12-22T20:49:33.664Z [Modules] No module updates available.
2023-12-22T20:49:35.163Z [Modules] Host is up to date.
2023-12-22T20:49:35.164Z [Modules] Checking for module updates at https://discord.com/api/modules/stable/versions.json
2023-12-22T20:49:35.167Z [Modules] No module updates available.
2023-12-25T21:27:14.657Z [Modules] Modules initializing
2023-12-25T21:27:14.657Z [Modules] Distribution: remote
2023-12-25T21:27:14.657Z [Modules] Host updates: disabled
2023-12-25T21:27:14.657Z [Modules] Module updates: enabled
2023-12-25T21:27:14.657Z [Modules] Module install path: /home/jojito/.config/discord/0.0.39/modules
2023-12-25T21:27:14.657Z [Modules] Module installed file path: /home/jojito/.config/discord/0.0.39/modules/installed.json
2023-12-25T21:27:14.658Z [Modules] Module download path: /home/jojito/.config/discord/0.0.39/modules/pending
2023-12-25T21:27:16.845Z [Modules] No updates to install
2023-12-25T21:27:16.845Z [Modules] Host is up to date.
2023-12-25T21:27:16.845Z [Modules] Checking for module updates at https://discord.com/api/modules/stable/versions.json
2023-12-25T21:27:16.947Z [Modules] No module updates available.
2023-12-25T21:27:18.390Z [Modules] Host is up to date.
2023-12-25T21:27:18.390Z [Modules] Checking for module updates at https://discord.com/api/modules/stable/versions.json
2023-12-25T21:27:18.392Z [Modules] No module updates available.
2023-12-25T22:27:18.391Z [Modules] Host is up to date.
2023-12-25T22:27:18.391Z [Modules] Checking for module updates at https://discord.com/api/modules/stable/versions.json
2023-12-25T22:27:18.444Z [Modules] No module updates available.
